# JRE version: OpenJDK Runtime Environment Temurin-21.0.10+7 (21.0.10+7) (build 21.0.10+7-LTS)
# Java VM: OpenJDK 64-Bit Server VM Temurin-21.0.10+7 (21.0.10+7-LTS, mixed mode, sharing, tiered, compressed oops, compressed class ptrs, parallel gc, windows-amd64)
GC Precious Log:
 CardTable entry size: 512
 CPUs: 2 total, 2 available
 Memory: 3911M
 Large Page Support: Disabled
 NUMA Support: Disabled
 Compressed Oops: Enabled (32-bit)
 Alignments: Space 512K, Generation 512K, Heap 2M
 Heap Min Capacity: 100M
 Heap Initial Capacity: 100M
 Heap Max Capacity: 2G
 Pre-touch: Disabled
 Parallel Workers: 2
Heap:
 PSYoungGen      total 3072K, used 2128K [0x00000000d5580000, 0x00000000d5b80000, 0x0000000100000000)
  eden space 2560K, 80% used [0x00000000d5580000,0x00000000d57843c8,0x00000000d5800000)
  from space 512K, 12% used [0x00000000d5b00000,0x00000000d5b10000,0x00000000d5b80000)
  to   space 512K, 0% used [0x00000000d5a80000,0x00000000d5a80000,0x00000000d5b00000)
 ParOldGen       total 215552K, used 215058K [0x0000000080000000, 0x000000008d280000, 0x00000000d5580000)
  object space 215552K, 99% used [0x0000000080000000,0x000000008d204b40,0x000000008d280000)
 Metaspace       used 80798K, committed 82624K, reserved 1179648K
  class space    used 8239K, committed 9088K, reserved 1048576K
GC Heap History (20 events):
Event: 2659.227 GC heap before
{Heap before GC invocations=503 (full 4):
 PSYoungGen      total 3072K, used 2624K [0x00000000d5580000, 0x00000000d5b80000, 0x0000000100000000)
  eden space 2560K, 100% used [0x00000000d5580000,0x00000000d5800000,0x00000000d5800000)
  from space 512K, 12% used [0x00000000d5b00000,0x00000000d5b10000,0x00000000d5b80000)
  to   space 512K, 0% used [0x00000000d5a80000,0x00000000d5a80000,0x00000000d5b00000)
 ParOldGen       total 212992K, used 212711K [0x0000000080000000, 0x000000008d000000, 0x00000000d5580000)
  object space 212992K, 99% used [0x0000000080000000,0x000000008cfb9f60,0x000000008d000000)
 Metaspace       used 80758K, committed 82560K, reserved 1179648K
  class space    used 8237K, committed 9088K, reserved 1048576K
}
Event: 2659.230 GC heap after
{Heap after GC invocations=503 (full 4):
 PSYoungGen      total 3072K, used 266K [0x00000000d5580000, 0x00000000d5b80000, 0x0000000100000000)
  eden space 2560K, 0% used [0x00000000d5580000,0x00000000d5580000,0x00000000d5800000)
  from space 512K, 52% used [0x00000000d5a80000,0x00000000d5ac2930,0x00000000d5b00000)
  to   space 512K, 0% used [0x00000000d5b00000,0x00000000d5b00000,0x00000000d5b80000)
 ParOldGen       total 212992K, used 212743K [0x0000000080000000, 0x000000008d000000, 0x00000000d5580000)
  object space 212992K, 99% used [0x0000000080000000,0x000000008cfc1f60,0x000000008d000000)
 Metaspace       used 80758K, committed 82560K, reserved 1179648K
  class space    used 8237K, committed 9088K, reserved 1048576K
}
Event: 2659.317 GC heap before
{Heap before GC invocations=504 (full 4):
 PSYoungGen      total 3072K, used 2826K [0x00000000d5580000, 0x00000000d5b80000, 0x0000000100000000)
  eden space 2560K, 99% used [0x00000000d5580000,0x00000000d57ffff8,0x00000000d5800000)
  from space 512K, 52% used [0x00000000d5a80000,0x00000000d5ac2930,0x00000000d5b00000)
  to   space 512K, 0% used [0x00000000d5b00000,0x00000000d5b00000,0x00000000d5b80000)
 ParOldGen       total 212992K, used 212743K [0x0000000080000000, 0x000000008d000000, 0x00000000d5580000)
  object space 212992K, 99% used [0x0000000080000000,0x000000008cfc1f60,0x000000008d000000)
 Metaspace       used 80768K, committed 82560K, reserved 1179648K
  class space    used 8237K, committed 9088K, reserved 1048576K
}
Event: 2659.325 GC heap after
{Heap after GC invocations=504 (full 4):
 PSYoungGen      total 3072K, used 480K [0x00000000d5580000, 0x00000000d5b80000, 0x0000000100000000)
  eden space 2560K, 0% used [0x00000000d5580000,0x00000000d5580000,0x00000000d5800000)
  from space 512K, 93% used [0x00000000d5b00000,0x00000000d5b78000,0x00000000d5b80000)
  to   space 1024K, 0% used [0x00000000d5980000,0x00000000d5980000,0x00000000d5a80000)
 ParOldGen       total 212992K, used 212977K [0x0000000080000000, 0x000000008d000000, 0x00000000d5580000)
  object space 212992K, 99% used [0x0000000080000000,0x000000008cffc420,0x000000008d000000)
 Metaspace       used 80768K, committed 82560K, reserved 1179648K
  class space    used 8237K, committed 9088K, reserved 1048576K
}
Event: 2659.787 GC heap before
{Heap before GC invocations=505 (full 4):
 PSYoungGen      total 3072K, used 3015K [0x00000000d5580000, 0x00000000d5b80000, 0x0000000100000000)
  eden space 2560K, 99% used [0x00000000d5580000,0x00000000d57f9c08,0x00000000d5800000)
  from space 512K, 93% used [0x00000000d5b00000,0x00000000d5b78000,0x00000000d5b80000)
  to   space 1024K, 0% used [0x00000000d5980000,0x00000000d5980000,0x00000000d5a80000)
 ParOldGen       total 212992K, used 212977K [0x0000000080000000, 0x000000008d000000, 0x00000000d5580000)
  object space 212992K, 99% used [0x0000000080000000,0x000000008cffc420,0x000000008d000000)
 Metaspace       used 80777K, committed 82560K, reserved 1179648K
  class space    used 8239K, committed 9088K, reserved 1048576K
}
Event: 2659.794 GC heap after
{Heap after GC invocations=505 (full 4):
 PSYoungGen      total 3584K, used 320K [0x00000000d5580000, 0x00000000d5b80000, 0x0000000100000000)
  eden space 2560K, 0% used [0x00000000d5580000,0x00000000d5580000,0x00000000d5800000)
  from space 1024K, 31% used [0x00000000d5980000,0x00000000d59d0030,0x00000000d5a80000)
  to   space 512K, 0% used [0x00000000d5b00000,0x00000000d5b00000,0x00000000d5b80000)
 ParOldGen       total 213504K, used 213405K [0x0000000080000000, 0x000000008d080000, 0x00000000d5580000)
  object space 213504K, 99% used [0x0000000080000000,0x000000008d067430,0x000000008d080000)
 Metaspace       used 80777K, committed 82560K, reserved 1179648K
  class space    used 8239K, committed 9088K, reserved 1048576K
}
Event: 2661.516 GC heap before
{Heap before GC invocations=506 (full 4):
 PSYoungGen      total 3584K, used 2880K [0x00000000d5580000, 0x00000000d5b80000, 0x0000000100000000)
  eden space 2560K, 100% used [0x00000000d5580000,0x00000000d5800000,0x00000000d5800000)
  from space 1024K, 31% used [0x00000000d5980000,0x00000000d59d0030,0x00000000d5a80000)
  to   space 512K, 0% used [0x00000000d5b00000,0x00000000d5b00000,0x00000000d5b80000)
 ParOldGen       total 213504K, used 213405K [0x0000000080000000, 0x000000008d080000, 0x00000000d5580000)
  object space 213504K, 99% used [0x0000000080000000,0x000000008d067430,0x000000008d080000)
 Metaspace       used 80781K, committed 82560K, reserved 1179648K
  class space    used 8239K, committed 9088K, reserved 1048576K
}
Event: 2661.522 GC heap after
{Heap after GC invocations=506 (full 4):
 PSYoungGen      total 3072K, used 180K [0x00000000d5580000, 0x00000000d5b80000, 0x0000000100000000)
  eden space 2560K, 0% used [0x00000000d5580000,0x00000000d5580000,0x00000000d5800000)
  from space 512K, 35% used [0x00000000d5b00000,0x00000000d5b2d200,0x00000000d5b80000)
  to   space 512K, 0% used [0x00000000d5a80000,0x00000000d5a80000,0x00000000d5b00000)
 ParOldGen       total 214016K, used 213685K [0x0000000080000000, 0x000000008d100000, 0x00000000d5580000)
  object space 214016K, 99% used [0x0000000080000000,0x000000008d0ad6f0,0x000000008d100000)
 Metaspace       used 80781K, committed 82560K, reserved 1179648K
  class space    used 8239K, committed 9088K, reserved 1048576K
}
Event: 2661.556 GC heap before
{Heap before GC invocations=507 (full 4):
 PSYoungGen      total 3072K, used 2740K [0x00000000d5580000, 0x00000000d5b80000, 0x0000000100000000)
  eden space 2560K, 100% used [0x00000000d5580000,0x00000000d5800000,0x00000000d5800000)
  from space 512K, 35% used [0x00000000d5b00000,0x00000000d5b2d200,0x00000000d5b80000)
  to   space 512K, 0% used [0x00000000d5a80000,0x00000000d5a80000,0x00000000d5b00000)
 ParOldGen       total 214016K, used 213685K [0x0000000080000000, 0x000000008d100000, 0x00000000d5580000)
  object space 214016K, 99% used [0x0000000080000000,0x000000008d0ad6f0,0x000000008d100000)
 Metaspace       used 80781K, committed 82560K, reserved 1179648K
  class space    used 8239K, committed 9088K, reserved 1048576K
}
Event: 2661.560 GC heap after
{Heap after GC invocations=507 (full 4):
 PSYoungGen      total 3072K, used 384K [0x00000000d5580000, 0x00000000d5b80000, 0x0000000100000000)
  eden space 2560K, 0% used [0x00000000d5580000,0x00000000d5580000,0x00000000d5800000)
  from space 512K, 75% used [0x00000000d5a80000,0x00000000d5ae0000,0x00000000d5b00000)
  to   space 512K, 0% used [0x00000000d5b00000,0x00000000d5b00000,0x00000000d5b80000)
 ParOldGen       total 214016K, used 213842K [0x0000000080000000, 0x000000008d100000, 0x00000000d5580000)
  object space 214016K, 99% used [0x0000000080000000,0x000000008d0d48f0,0x000000008d100000)
 Metaspace       used 80781K, committed 82560K, reserved 1179648K
  class space    used 8239K, committed 9088K, reserved 1048576K
}
Event: 2661.607 GC heap before
{Heap before GC invocations=508 (full 4):
 PSYoungGen      total 3072K, used 2944K [0x00000000d5580000, 0x00000000d5b80000, 0x0000000100000000)
  eden space 2560K, 100% used [0x00000000d5580000,0x00000000d5800000,0x00000000d5800000)
  from space 512K, 75% used [0x00000000d5a80000,0x00000000d5ae0000,0x00000000d5b00000)
  to   space 512K, 0% used [0x00000000d5b00000,0x00000000d5b00000,0x00000000d5b80000)
 ParOldGen       total 214016K, used 213842K [0x0000000080000000, 0x000000008d100000, 0x00000000d5580000)
  object space 214016K, 99% used [0x0000000080000000,0x000000008d0d48f0,0x000000008d100000)
 Metaspace       used 80782K, committed 82560K, reserved 1179648K
  class space    used 8239K, committed 9088K, reserved 1048576K
}
Event: 2661.611 GC heap after
{Heap after GC invocations=508 (full 4):
 PSYoungGen      total 3072K, used 372K [0x00000000d5580000, 0x00000000d5b80000, 0x0000000100000000)
  eden space 2560K, 0% used [0x00000000d5580000,0x00000000d5580000,0x00000000d5800000)
  from space 512K, 72% used [0x00000000d5b00000,0x00000000d5b5d200,0x00000000d5b80000)
  to   space 512K, 0% used [0x00000000d5a80000,0x00000000d5a80000,0x00000000d5b00000)
 ParOldGen       total 214528K, used 214194K [0x0000000080000000, 0x000000008d180000, 0x00000000d5580000)
  object space 214528K, 99% used [0x0000000080000000,0x000000008d12c920,0x000000008d180000)
 Metaspace       used 80782K, committed 82560K, reserved 1179648K
  class space    used 8239K, committed 9088K, reserved 1048576K
}
Event: 2661.717 GC heap before
{Heap before GC invocations=509 (full 4):
 PSYoungGen      total 3072K, used 2932K [0x00000000d5580000, 0x00000000d5b80000, 0x0000000100000000)
  eden space 2560K, 100% used [0x00000000d5580000,0x00000000d5800000,0x00000000d5800000)
  from space 512K, 72% used [0x00000000d5b00000,0x00000000d5b5d200,0x00000000d5b80000)
  to   space 512K, 0% used [0x00000000d5a80000,0x00000000d5a80000,0x00000000d5b00000)
 ParOldGen       total 214528K, used 214194K [0x0000000080000000, 0x000000008d180000, 0x00000000d5580000)
  object space 214528K, 99% used [0x0000000080000000,0x000000008d12c920,0x000000008d180000)
 Metaspace       used 80783K, committed 82560K, reserved 1179648K
  class space    used 8239K, committed 9088K, reserved 1048576K
}
Event: 2661.724 GC heap after
{Heap after GC invocations=509 (full 4):
 PSYoungGen      total 3072K, used 480K [0x00000000d5580000, 0x00000000d5b80000, 0x0000000100000000)
  eden space 2560K, 0% used [0x00000000d5580000,0x00000000d5580000,0x00000000d5800000)
  from space 512K, 93% used [0x00000000d5a80000,0x00000000d5af8000,0x00000000d5b00000)
  to   space 512K, 0% used [0x00000000d5b00000,0x00000000d5b00000,0x00000000d5b80000)
 ParOldGen       total 215040K, used 214554K [0x0000000080000000, 0x000000008d200000, 0x00000000d5580000)
  object space 215040K, 99% used [0x0000000080000000,0x000000008d186b40,0x000000008d200000)
 Metaspace       used 80783K, committed 82560K, reserved 1179648K
  class space    used 8239K, committed 9088K, reserved 1048576K
}
Event: 2713.745 GC heap before
{Heap before GC invocations=510 (full 4):
 PSYoungGen      total 3072K, used 3025K [0x00000000d5580000, 0x00000000d5b80000, 0x0000000100000000)
  eden space 2560K, 99% used [0x00000000d5580000,0x00000000d57fc6a8,0x00000000d5800000)
  from space 512K, 93% used [0x00000000d5a80000,0x00000000d5af8000,0x00000000d5b00000)
  to   space 512K, 0% used [0x00000000d5b00000,0x00000000d5b00000,0x00000000d5b80000)
 ParOldGen       total 215040K, used 214554K [0x0000000080000000, 0x000000008d200000, 0x00000000d5580000)
  object space 215040K, 99% used [0x0000000080000000,0x000000008d186b40,0x000000008d200000)
 Metaspace       used 80785K, committed 82560K, reserved 1179648K
  class space    used 8239K, committed 9088K, reserved 1048576K
}
Event: 2713.749 GC heap after
{Heap after GC invocations=510 (full 4):
 PSYoungGen      total 3072K, used 96K [0x00000000d5580000, 0x00000000d5b80000, 0x0000000100000000)
  eden space 2560K, 0% used [0x00000000d5580000,0x00000000d5580000,0x00000000d5800000)
  from space 512K, 18% used [0x00000000d5b00000,0x00000000d5b18010,0x00000000d5b80000)
  to   space 512K, 0% used [0x00000000d5a80000,0x00000000d5a80000,0x00000000d5b00000)
 ParOldGen       total 215040K, used 214994K [0x0000000080000000, 0x000000008d200000, 0x00000000d5580000)
  object space 215040K, 99% used [0x0000000080000000,0x000000008d1f4b40,0x000000008d200000)
 Metaspace       used 80785K, committed 82560K, reserved 1179648K
  class space    used 8239K, committed 9088K, reserved 1048576K
}
Event: 2790.954 GC heap before
{Heap before GC invocations=511 (full 4):
 PSYoungGen      total 3072K, used 2656K [0x00000000d5580000, 0x00000000d5b80000, 0x0000000100000000)
  eden space 2560K, 100% used [0x00000000d5580000,0x00000000d5800000,0x00000000d5800000)
  from space 512K, 18% used [0x00000000d5b00000,0x00000000d5b18010,0x00000000d5b80000)
  to   space 512K, 0% used [0x00000000d5a80000,0x00000000d5a80000,0x00000000d5b00000)
 ParOldGen       total 215040K, used 214994K [0x0000000080000000, 0x000000008d200000, 0x00000000d5580000)
  object space 215040K, 99% used [0x0000000080000000,0x000000008d1f4b40,0x000000008d200000)
 Metaspace       used 80787K, committed 82560K, reserved 1179648K
  class space    used 8239K, committed 9088K, reserved 1048576K
}
Event: 2790.958 GC heap after
{Heap after GC invocations=511 (full 4):
 PSYoungGen      total 3072K, used 64K [0x00000000d5580000, 0x00000000d5b80000, 0x0000000100000000)
  eden space 2560K, 0% used [0x00000000d5580000,0x00000000d5580000,0x00000000d5800000)
  from space 512K, 12% used [0x00000000d5a80000,0x00000000d5a90000,0x00000000d5b00000)
  to   space 512K, 0% used [0x00000000d5b00000,0x00000000d5b00000,0x00000000d5b80000)
 ParOldGen       total 215552K, used 215042K [0x0000000080000000, 0x000000008d280000, 0x00000000d5580000)
  object space 215552K, 99% used [0x0000000080000000,0x000000008d200b40,0x000000008d280000)
 Metaspace       used 80787K, committed 82560K, reserved 1179648K
  class space    used 8239K, committed 9088K, reserved 1048576K
}
Event: 2815.024 GC heap before
{Heap before GC invocations=512 (full 4):
 PSYoungGen      total 3072K, used 2624K [0x00000000d5580000, 0x00000000d5b80000, 0x0000000100000000)
  eden space 2560K, 100% used [0x00000000d5580000,0x00000000d5800000,0x00000000d5800000)
  from space 512K, 12% used [0x00000000d5a80000,0x00000000d5a90000,0x00000000d5b00000)
  to   space 512K, 0% used [0x00000000d5b00000,0x00000000d5b00000,0x00000000d5b80000)
 ParOldGen       total 215552K, used 215042K [0x0000000080000000, 0x000000008d280000, 0x00000000d5580000)
  object space 215552K, 99% used [0x0000000080000000,0x000000008d200b40,0x000000008d280000)
 Metaspace       used 80798K, committed 82624K, reserved 1179648K
  class space    used 8239K, committed 9088K, reserved 1048576K
}
Event: 2815.031 GC heap after
{Heap after GC invocations=512 (full 4):
 PSYoungGen      total 3072K, used 64K [0x00000000d5580000, 0x00000000d5b80000, 0x0000000100000000)
  eden space 2560K, 0% used [0x00000000d5580000,0x00000000d5580000,0x00000000d5800000)
  from space 512K, 12% used [0x00000000d5b00000,0x00000000d5b10000,0x00000000d5b80000)
  to   space 512K, 0% used [0x00000000d5a80000,0x00000000d5a80000,0x00000000d5b00000)
 ParOldGen       total 215552K, used 215058K [0x0000000080000000, 0x000000008d280000, 0x00000000d5580000)
  object space 215552K, 99% used [0x0000000080000000,0x000000008d204b40,0x000000008d280000)
 Metaspace       used 80798K, committed 82624K, reserved 1179648K
  class space    used 8239K, committed 9088K, reserved 1048576K
}

