# JRE version: OpenJDK Runtime Environment Temurin-21.0.10+7 (21.0.10+7) (build 21.0.10+7-LTS)
# Java VM: OpenJDK 64-Bit Server VM Temurin-21.0.10+7 (21.0.10+7-LTS, mixed mode, sharing, tiered, compressed oops, compressed class ptrs, parallel gc, windows-amd64)
GC Precious Log:
 CardTable entry size: 512
 CPUs: 2 total, 2 available
 Memory: 3911M
 Large Page Support: Disabled
 NUMA Support: Disabled
 Compressed Oops: Enabled (32-bit)
 Alignments: Space 512K, Generation 512K, Heap 2M
 Heap Min Capacity: 100M
 Heap Initial Capacity: 100M
 Heap Max Capacity: 2G
 Pre-touch: Disabled
 Parallel Workers: 2
Heap:
 PSYoungGen      total 13312K, used 12107K [0x00000000d5580000, 0x00000000d6400000, 0x0000000100000000)
  eden space 11776K, 99% used [0x00000000d5580000,0x00000000d60ff660,0x00000000d6100000)
  from space 1536K, 21% used [0x00000000d6180000,0x00000000d61d36c0,0x00000000d6300000)
  to   space 1024K, 0% used [0x00000000d6300000,0x00000000d6300000,0x00000000d6400000)
 ParOldGen       total 103424K, used 103111K [0x0000000080000000, 0x0000000086500000, 0x00000000d5580000)
  object space 103424K, 99% used [0x0000000080000000,0x00000000864b1f20,0x0000000086500000)
 Metaspace       used 63488K, committed 65024K, reserved 1114112K
  class space    used 6737K, committed 7424K, reserved 1048576K
GC Heap History (20 events):
Event: 115.579 GC heap before
{Heap before GC invocations=239 (full 3):
 PSYoungGen      total 12288K, used 12035K [0x00000000d5580000, 0x00000000d6480000, 0x0000000100000000)
  eden space 11776K, 100% used [0x00000000d5580000,0x00000000d6100000,0x00000000d6100000)
  from space 512K, 50% used [0x00000000d6380000,0x00000000d63c0e10,0x00000000d6400000)
  to   space 512K, 0% used [0x00000000d6400000,0x00000000d6400000,0x00000000d6480000)
 ParOldGen       total 94208K, used 93831K [0x0000000080000000, 0x0000000085c00000, 0x00000000d5580000)
  object space 94208K, 99% used [0x0000000080000000,0x0000000085ba1de0,0x0000000085c00000)
 Metaspace       used 60557K, committed 62080K, reserved 1114112K
  class space    used 6489K, committed 7168K, reserved 1048576K
}
Event: 115.585 GC heap after
{Heap after GC invocations=239 (full 3):
 PSYoungGen      total 12288K, used 500K [0x00000000d5580000, 0x00000000d6480000, 0x0000000100000000)
  eden space 11776K, 0% used [0x00000000d5580000,0x00000000d5580000,0x00000000d6100000)
  from space 512K, 97% used [0x00000000d6400000,0x00000000d647d200,0x00000000d6480000)
  to   space 1536K, 0% used [0x00000000d6180000,0x00000000d6180000,0x00000000d6300000)
 ParOldGen       total 94720K, used 94375K [0x0000000080000000, 0x0000000085c80000, 0x00000000d5580000)
  object space 94720K, 99% used [0x0000000080000000,0x0000000085c29e60,0x0000000085c80000)
 Metaspace       used 60557K, committed 62080K, reserved 1114112K
  class space    used 6489K, committed 7168K, reserved 1048576K
}
Event: 116.287 GC heap before
{Heap before GC invocations=240 (full 3):
 PSYoungGen      total 12288K, used 12276K [0x00000000d5580000, 0x00000000d6480000, 0x0000000100000000)
  eden space 11776K, 100% used [0x00000000d5580000,0x00000000d6100000,0x00000000d6100000)
  from space 512K, 97% used [0x00000000d6400000,0x00000000d647d200,0x00000000d6480000)
  to   space 1536K, 0% used [0x00000000d6180000,0x00000000d6180000,0x00000000d6300000)
 ParOldGen       total 94720K, used 94375K [0x0000000080000000, 0x0000000085c80000, 0x00000000d5580000)
  object space 94720K, 99% used [0x0000000080000000,0x0000000085c29e60,0x0000000085c80000)
 Metaspace       used 60846K, committed 62400K, reserved 1114112K
  class space    used 6522K, committed 7232K, reserved 1048576K
}
Event: 116.311 GC heap after
{Heap after GC invocations=240 (full 3):
 PSYoungGen      total 13312K, used 1536K [0x00000000d5580000, 0x00000000d6700000, 0x0000000100000000)
  eden space 11776K, 0% used [0x00000000d5580000,0x00000000d5580000,0x00000000d6100000)
  from space 1536K, 100% used [0x00000000d6180000,0x00000000d6300000,0x00000000d6300000)
  to   space 3072K, 0% used [0x00000000d6400000,0x00000000d6400000,0x00000000d6700000)
 ParOldGen       total 95744K, used 95268K [0x0000000080000000, 0x0000000085d80000, 0x00000000d5580000)
  object space 95744K, 99% used [0x0000000080000000,0x0000000085d090e0,0x0000000085d80000)
 Metaspace       used 60846K, committed 62400K, reserved 1114112K
  class space    used 6522K, committed 7232K, reserved 1048576K
}
Event: 117.386 GC heap before
{Heap before GC invocations=241 (full 3):
 PSYoungGen      total 13312K, used 13312K [0x00000000d5580000, 0x00000000d6700000, 0x0000000100000000)
  eden space 11776K, 100% used [0x00000000d5580000,0x00000000d6100000,0x00000000d6100000)
  from space 1536K, 100% used [0x00000000d6180000,0x00000000d6300000,0x00000000d6300000)
  to   space 3072K, 0% used [0x00000000d6400000,0x00000000d6400000,0x00000000d6700000)
 ParOldGen       total 95744K, used 95268K [0x0000000080000000, 0x0000000085d80000, 0x00000000d5580000)
  object space 95744K, 99% used [0x0000000080000000,0x0000000085d090e0,0x0000000085d80000)
 Metaspace       used 61055K, committed 62592K, reserved 1114112K
  class space    used 6538K, committed 7232K, reserved 1048576K
}
Event: 117.491 GC heap after
{Heap after GC invocations=241 (full 3):
 PSYoungGen      total 13312K, used 1031K [0x00000000d5580000, 0x00000000d6580000, 0x0000000100000000)
  eden space 11776K, 0% used [0x00000000d5580000,0x00000000d5580000,0x00000000d6100000)
  from space 1536K, 67% used [0x00000000d6400000,0x00000000d6501db0,0x00000000d6580000)
  to   space 1536K, 0% used [0x00000000d6180000,0x00000000d6180000,0x00000000d6300000)
 ParOldGen       total 97280K, used 96812K [0x0000000080000000, 0x0000000085f00000, 0x00000000d5580000)
  object space 97280K, 99% used [0x0000000080000000,0x0000000085e8b0f0,0x0000000085f00000)
 Metaspace       used 61055K, committed 62592K, reserved 1114112K
  class space    used 6538K, committed 7232K, reserved 1048576K
}
Event: 119.746 GC heap before
{Heap before GC invocations=242 (full 3):
 PSYoungGen      total 13312K, used 12807K [0x00000000d5580000, 0x00000000d6580000, 0x0000000100000000)
  eden space 11776K, 100% used [0x00000000d5580000,0x00000000d6100000,0x00000000d6100000)
  from space 1536K, 67% used [0x00000000d6400000,0x00000000d6501db0,0x00000000d6580000)
  to   space 1536K, 0% used [0x00000000d6180000,0x00000000d6180000,0x00000000d6300000)
 ParOldGen       total 97280K, used 96812K [0x0000000080000000, 0x0000000085f00000, 0x00000000d5580000)
  object space 97280K, 99% used [0x0000000080000000,0x0000000085e8b0f0,0x0000000085f00000)
 Metaspace       used 61262K, committed 62784K, reserved 1114112K
  class space    used 6542K, committed 7232K, reserved 1048576K
}
Event: 119.755 GC heap after
{Heap after GC invocations=242 (full 3):
 PSYoungGen      total 13312K, used 1239K [0x00000000d5580000, 0x00000000d6480000, 0x0000000100000000)
  eden space 11776K, 0% used [0x00000000d5580000,0x00000000d5580000,0x00000000d6100000)
  from space 1536K, 80% used [0x00000000d6180000,0x00000000d62b5d78,0x00000000d6300000)
  to   space 1536K, 0% used [0x00000000d6300000,0x00000000d6300000,0x00000000d6480000)
 ParOldGen       total 97792K, used 97705K [0x0000000080000000, 0x0000000085f80000, 0x00000000d5580000)
  object space 97792K, 99% used [0x0000000080000000,0x0000000085f6a7d8,0x0000000085f80000)
 Metaspace       used 61262K, committed 62784K, reserved 1114112K
  class space    used 6542K, committed 7232K, reserved 1048576K
}
Event: 120.931 GC heap before
{Heap before GC invocations=243 (full 3):
 PSYoungGen      total 13312K, used 13015K [0x00000000d5580000, 0x00000000d6480000, 0x0000000100000000)
  eden space 11776K, 99% used [0x00000000d5580000,0x00000000d60ffff0,0x00000000d6100000)
  from space 1536K, 80% used [0x00000000d6180000,0x00000000d62b5d78,0x00000000d6300000)
  to   space 1536K, 0% used [0x00000000d6300000,0x00000000d6300000,0x00000000d6480000)
 ParOldGen       total 97792K, used 97705K [0x0000000080000000, 0x0000000085f80000, 0x00000000d5580000)
  object space 97792K, 99% used [0x0000000080000000,0x0000000085f6a7d8,0x0000000085f80000)
 Metaspace       used 61322K, committed 62848K, reserved 1114112K
  class space    used 6545K, committed 7232K, reserved 1048576K
}
Event: 120.947 GC heap after
{Heap after GC invocations=243 (full 3):
 PSYoungGen      total 13312K, used 1492K [0x00000000d5580000, 0x00000000d6500000, 0x0000000100000000)
  eden space 11776K, 0% used [0x00000000d5580000,0x00000000d5580000,0x00000000d6100000)
  from space 1536K, 97% used [0x00000000d6300000,0x00000000d6475220,0x00000000d6480000)
  to   space 2048K, 0% used [0x00000000d6100000,0x00000000d6100000,0x00000000d6300000)
 ParOldGen       total 99328K, used 98899K [0x0000000080000000, 0x0000000086100000, 0x00000000d5580000)
  object space 99328K, 99% used [0x0000000080000000,0x0000000086094d70,0x0000000086100000)
 Metaspace       used 61322K, committed 62848K, reserved 1114112K
  class space    used 6545K, committed 7232K, reserved 1048576K
}
Event: 121.705 GC heap before
{Heap before GC invocations=244 (full 3):
 PSYoungGen      total 13312K, used 13268K [0x00000000d5580000, 0x00000000d6500000, 0x0000000100000000)
  eden space 11776K, 100% used [0x00000000d5580000,0x00000000d6100000,0x00000000d6100000)
  from space 1536K, 97% used [0x00000000d6300000,0x00000000d6475220,0x00000000d6480000)
  to   space 2048K, 0% used [0x00000000d6100000,0x00000000d6100000,0x00000000d6300000)
 ParOldGen       total 99328K, used 98899K [0x0000000080000000, 0x0000000086100000, 0x00000000d5580000)
  object space 99328K, 99% used [0x0000000080000000,0x0000000086094d70,0x0000000086100000)
 Metaspace       used 61703K, committed 63232K, reserved 1114112K
  class space    used 6578K, committed 7296K, reserved 1048576K
}
Event: 121.715 GC heap after
{Heap after GC invocations=244 (full 3):
 PSYoungGen      total 13824K, used 2011K [0x00000000d5580000, 0x00000000d6600000, 0x0000000100000000)
  eden space 11776K, 0% used [0x00000000d5580000,0x00000000d5580000,0x00000000d6100000)
  from space 2048K, 98% used [0x00000000d6100000,0x00000000d62f6ef8,0x00000000d6300000)
  to   space 2560K, 0% used [0x00000000d6380000,0x00000000d6380000,0x00000000d6600000)
 ParOldGen       total 100352K, used 100337K [0x0000000080000000, 0x0000000086200000, 0x00000000d5580000)
  object space 100352K, 99% used [0x0000000080000000,0x00000000861fc7b0,0x0000000086200000)
 Metaspace       used 61703K, committed 63232K, reserved 1114112K
  class space    used 6578K, committed 7296K, reserved 1048576K
}
Event: 122.121 GC heap before
{Heap before GC invocations=245 (full 3):
 PSYoungGen      total 13824K, used 13787K [0x00000000d5580000, 0x00000000d6600000, 0x0000000100000000)
  eden space 11776K, 100% used [0x00000000d5580000,0x00000000d6100000,0x00000000d6100000)
  from space 2048K, 98% used [0x00000000d6100000,0x00000000d62f6ef8,0x00000000d6300000)
  to   space 2560K, 0% used [0x00000000d6380000,0x00000000d6380000,0x00000000d6600000)
 ParOldGen       total 100352K, used 100337K [0x0000000080000000, 0x0000000086200000, 0x00000000d5580000)
  object space 100352K, 99% used [0x0000000080000000,0x00000000861fc7b0,0x0000000086200000)
 Metaspace       used 61827K, committed 63360K, reserved 1114112K
  class space    used 6590K, committed 7296K, reserved 1048576K
}
Event: 122.127 GC heap after
{Heap after GC invocations=245 (full 3):
 PSYoungGen      total 13312K, used 1081K [0x00000000d5580000, 0x00000000d6500000, 0x0000000100000000)
  eden space 11776K, 0% used [0x00000000d5580000,0x00000000d5580000,0x00000000d6100000)
  from space 1536K, 70% used [0x00000000d6380000,0x00000000d648e6e0,0x00000000d6500000)
  to   space 1536K, 0% used [0x00000000d6200000,0x00000000d6200000,0x00000000d6380000)
 ParOldGen       total 101888K, used 101446K [0x0000000080000000, 0x0000000086380000, 0x00000000d5580000)
  object space 101888K, 99% used [0x0000000080000000,0x0000000086311988,0x0000000086380000)
 Metaspace       used 61827K, committed 63360K, reserved 1114112K
  class space    used 6590K, committed 7296K, reserved 1048576K
}
Event: 123.669 GC heap before
{Heap before GC invocations=246 (full 3):
 PSYoungGen      total 13312K, used 12857K [0x00000000d5580000, 0x00000000d6500000, 0x0000000100000000)
  eden space 11776K, 100% used [0x00000000d5580000,0x00000000d6100000,0x00000000d6100000)
  from space 1536K, 70% used [0x00000000d6380000,0x00000000d648e6e0,0x00000000d6500000)
  to   space 1536K, 0% used [0x00000000d6200000,0x00000000d6200000,0x00000000d6380000)
 ParOldGen       total 101888K, used 101446K [0x0000000080000000, 0x0000000086380000, 0x00000000d5580000)
  object space 101888K, 99% used [0x0000000080000000,0x0000000086311988,0x0000000086380000)
 Metaspace       used 62159K, committed 63680K, reserved 1114112K
  class space    used 6624K, committed 7296K, reserved 1048576K
}
Event: 123.676 GC heap after
{Heap after GC invocations=246 (full 3):
 PSYoungGen      total 13312K, used 1520K [0x00000000d5580000, 0x00000000d6600000, 0x0000000100000000)
  eden space 11776K, 0% used [0x00000000d5580000,0x00000000d5580000,0x00000000d6100000)
  from space 1536K, 98% used [0x00000000d6200000,0x00000000d637c048,0x00000000d6380000)
  to   space 2560K, 0% used [0x00000000d6380000,0x00000000d6380000,0x00000000d6600000)
 ParOldGen       total 101888K, used 101838K [0x0000000080000000, 0x0000000086380000, 0x00000000d5580000)
  object space 101888K, 99% used [0x0000000080000000,0x0000000086373a80,0x0000000086380000)
 Metaspace       used 62159K, committed 63680K, reserved 1114112K
  class space    used 6624K, committed 7296K, reserved 1048576K
}
Event: 124.797 GC heap before
{Heap before GC invocations=247 (full 3):
 PSYoungGen      total 13312K, used 13248K [0x00000000d5580000, 0x00000000d6600000, 0x0000000100000000)
  eden space 11776K, 99% used [0x00000000d5580000,0x00000000d60f4300,0x00000000d6100000)
  from space 1536K, 98% used [0x00000000d6200000,0x00000000d637c048,0x00000000d6380000)
  to   space 2560K, 0% used [0x00000000d6380000,0x00000000d6380000,0x00000000d6600000)
 ParOldGen       total 101888K, used 101838K [0x0000000080000000, 0x0000000086380000, 0x00000000d5580000)
  object space 101888K, 99% used [0x0000000080000000,0x0000000086373a80,0x0000000086380000)
 Metaspace       used 62350K, committed 63872K, reserved 1114112K
  class space    used 6629K, committed 7296K, reserved 1048576K
}
Event: 124.801 GC heap after
{Heap after GC invocations=247 (full 3):
 PSYoungGen      total 12800K, used 960K [0x00000000d5580000, 0x00000000d6480000, 0x0000000100000000)
  eden space 11776K, 0% used [0x00000000d5580000,0x00000000d5580000,0x00000000d6100000)
  from space 1024K, 93% used [0x00000000d6380000,0x00000000d6470360,0x00000000d6480000)
  to   space 1536K, 0% used [0x00000000d6180000,0x00000000d6180000,0x00000000d6300000)
 ParOldGen       total 102400K, used 102393K [0x0000000080000000, 0x0000000086400000, 0x00000000d5580000)
  object space 102400K, 99% used [0x0000000080000000,0x00000000863fe770,0x0000000086400000)
 Metaspace       used 62350K, committed 63872K, reserved 1114112K
  class space    used 6629K, committed 7296K, reserved 1048576K
}
Event: 125.508 GC heap before
{Heap before GC invocations=248 (full 3):
 PSYoungGen      total 12800K, used 12736K [0x00000000d5580000, 0x00000000d6480000, 0x0000000100000000)
  eden space 11776K, 100% used [0x00000000d5580000,0x00000000d6100000,0x00000000d6100000)
  from space 1024K, 93% used [0x00000000d6380000,0x00000000d6470360,0x00000000d6480000)
  to   space 1536K, 0% used [0x00000000d6180000,0x00000000d6180000,0x00000000d6300000)
 ParOldGen       total 102400K, used 102393K [0x0000000080000000, 0x0000000086400000, 0x00000000d5580000)
  object space 102400K, 99% used [0x0000000080000000,0x00000000863fe770,0x0000000086400000)
 Metaspace       used 62357K, committed 63936K, reserved 1114112K
  class space    used 6629K, committed 7296K, reserved 1048576K
}
Event: 125.512 GC heap after
{Heap after GC invocations=248 (full 3):
 PSYoungGen      total 13312K, used 333K [0x00000000d5580000, 0x00000000d6400000, 0x0000000100000000)
  eden space 11776K, 0% used [0x00000000d5580000,0x00000000d5580000,0x00000000d6100000)
  from space 1536K, 21% used [0x00000000d6180000,0x00000000d61d36c0,0x00000000d6300000)
  to   space 1024K, 0% used [0x00000000d6300000,0x00000000d6300000,0x00000000d6400000)
 ParOldGen       total 103424K, used 103111K [0x0000000080000000, 0x0000000086500000, 0x00000000d5580000)
  object space 103424K, 99% used [0x0000000080000000,0x00000000864b1f20,0x0000000086500000)
 Metaspace       used 62357K, committed 63936K, reserved 1114112K
  class space    used 6629K, committed 7296K, reserved 1048576K
}

