# JRE version: OpenJDK Runtime Environment Temurin-21.0.10+7 (21.0.10+7) (build 21.0.10+7-LTS)
# Java VM: OpenJDK 64-Bit Server VM Temurin-21.0.10+7 (21.0.10+7-LTS, mixed mode, sharing, tiered, compressed oops, compressed class ptrs, parallel gc, windows-amd64)
GC Precious Log:
 CardTable entry size: 512
 CPUs: 2 total, 2 available
 Memory: 3911M
 Large Page Support: Disabled
 NUMA Support: Disabled
 Compressed Oops: Enabled (32-bit)
 Alignments: Space 512K, Generation 512K, Heap 2M
 Heap Min Capacity: 100M
 Heap Initial Capacity: 100M
 Heap Max Capacity: 2G
 Pre-touch: Disabled
 Parallel Workers: 2
Heap:
 PSYoungGen      total 18432K, used 13845K [0x00000000d5580000, 0x00000000d6a80000, 0x0000000100000000)
  eden space 17408K, 79% used [0x00000000d5580000,0x00000000d6305400,0x00000000d6680000)
  from space 1024K, 0% used [0x00000000d6980000,0x00000000d6980000,0x00000000d6a80000)
  to   space 2048K, 0% used [0x00000000d6680000,0x00000000d6680000,0x00000000d6880000)
 ParOldGen       total 99328K, used 71941K [0x0000000080000000, 0x0000000086100000, 0x00000000d5580000)
  object space 99328K, 72% used [0x0000000080000000,0x0000000084641538,0x0000000086100000)
 Metaspace       used 70221K, committed 71808K, reserved 1114112K
  class space    used 7236K, committed 7872K, reserved 1048576K
GC Heap History (20 events):
Event: 94.625 GC heap before
{Heap before GC invocations=99 (full 3):
 PSYoungGen      total 20992K, used 20601K [0x00000000d5580000, 0x00000000d6c00000, 0x0000000100000000)
  eden space 18944K, 99% used [0x00000000d5580000,0x00000000d67ede30,0x00000000d6800000)
  from space 2048K, 84% used [0x00000000d6880000,0x00000000d6a30738,0x00000000d6a80000)
  to   space 1536K, 0% used [0x00000000d6a80000,0x00000000d6a80000,0x00000000d6c00000)
 ParOldGen       total 85504K, used 85286K [0x0000000080000000, 0x0000000085380000, 0x00000000d5580000)
  object space 85504K, 99% used [0x0000000080000000,0x0000000085349bc8,0x0000000085380000)
 Metaspace       used 67169K, committed 68672K, reserved 1114112K
  class space    used 6957K, committed 7552K, reserved 1048576K
}
Event: 94.629 GC heap after
{Heap after GC invocations=99 (full 3):
 PSYoungGen      total 19968K, used 595K [0x00000000d5580000, 0x00000000d6b80000, 0x0000000100000000)
  eden space 18944K, 0% used [0x00000000d5580000,0x00000000d5580000,0x00000000d6800000)
  from space 1024K, 58% used [0x00000000d6a80000,0x00000000d6b14ee8,0x00000000d6b80000)
  to   space 1024K, 0% used [0x00000000d6980000,0x00000000d6980000,0x00000000d6a80000)
 ParOldGen       total 86528K, used 86150K [0x0000000080000000, 0x0000000085480000, 0x00000000d5580000)
  object space 86528K, 99% used [0x0000000080000000,0x00000000854218a0,0x0000000085480000)
 Metaspace       used 67169K, committed 68672K, reserved 1114112K
  class space    used 6957K, committed 7552K, reserved 1048576K
}
Event: 98.335 GC heap before
{Heap before GC invocations=100 (full 3):
 PSYoungGen      total 19968K, used 19539K [0x00000000d5580000, 0x00000000d6b80000, 0x0000000100000000)
  eden space 18944K, 100% used [0x00000000d5580000,0x00000000d6800000,0x00000000d6800000)
  from space 1024K, 58% used [0x00000000d6a80000,0x00000000d6b14ee8,0x00000000d6b80000)
  to   space 1024K, 0% used [0x00000000d6980000,0x00000000d6980000,0x00000000d6a80000)
 ParOldGen       total 86528K, used 86150K [0x0000000080000000, 0x0000000085480000, 0x00000000d5580000)
  object space 86528K, 99% used [0x0000000080000000,0x00000000854218a0,0x0000000085480000)
 Metaspace       used 67261K, committed 68736K, reserved 1114112K
  class space    used 6961K, committed 7552K, reserved 1048576K
}
Event: 98.383 GC heap after
{Heap after GC invocations=100 (full 3):
 PSYoungGen      total 19968K, used 1004K [0x00000000d5580000, 0x00000000d6c00000, 0x0000000100000000)
  eden space 18944K, 0% used [0x00000000d5580000,0x00000000d5580000,0x00000000d6800000)
  from space 1024K, 98% used [0x00000000d6980000,0x00000000d6a7b318,0x00000000d6a80000)
  to   space 1536K, 0% used [0x00000000d6a80000,0x00000000d6a80000,0x00000000d6c00000)
 ParOldGen       total 87040K, used 86594K [0x0000000080000000, 0x0000000085500000, 0x00000000d5580000)
  object space 87040K, 99% used [0x0000000080000000,0x00000000854908f0,0x0000000085500000)
 Metaspace       used 67261K, committed 68736K, reserved 1114112K
  class space    used 6961K, committed 7552K, reserved 1048576K
}
Event: 100.703 GC heap before
{Heap before GC invocations=101 (full 3):
 PSYoungGen      total 19968K, used 19948K [0x00000000d5580000, 0x00000000d6c00000, 0x0000000100000000)
  eden space 18944K, 100% used [0x00000000d5580000,0x00000000d6800000,0x00000000d6800000)
  from space 1024K, 98% used [0x00000000d6980000,0x00000000d6a7b318,0x00000000d6a80000)
  to   space 1536K, 0% used [0x00000000d6a80000,0x00000000d6a80000,0x00000000d6c00000)
 ParOldGen       total 87040K, used 86594K [0x0000000080000000, 0x0000000085500000, 0x00000000d5580000)
  object space 87040K, 99% used [0x0000000080000000,0x00000000854908f0,0x0000000085500000)
 Metaspace       used 67951K, committed 69376K, reserved 1114112K
  class space    used 7023K, committed 7616K, reserved 1048576K
}
Event: 100.714 GC heap after
{Heap after GC invocations=101 (full 3):
 PSYoungGen      total 20480K, used 1379K [0x00000000d5580000, 0x00000000d6c00000, 0x0000000100000000)
  eden space 18944K, 0% used [0x00000000d5580000,0x00000000d5580000,0x00000000d6800000)
  from space 1536K, 89% used [0x00000000d6a80000,0x00000000d6bd8f40,0x00000000d6c00000)
  to   space 1536K, 0% used [0x00000000d6900000,0x00000000d6900000,0x00000000d6a80000)
 ParOldGen       total 87552K, used 87516K [0x0000000080000000, 0x0000000085580000, 0x00000000d5580000)
  object space 87552K, 99% used [0x0000000080000000,0x0000000085577100,0x0000000085580000)
 Metaspace       used 67951K, committed 69376K, reserved 1114112K
  class space    used 7023K, committed 7616K, reserved 1048576K
}
Event: 104.775 GC heap before
{Heap before GC invocations=102 (full 3):
 PSYoungGen      total 20480K, used 20323K [0x00000000d5580000, 0x00000000d6c00000, 0x0000000100000000)
  eden space 18944K, 100% used [0x00000000d5580000,0x00000000d6800000,0x00000000d6800000)
  from space 1536K, 89% used [0x00000000d6a80000,0x00000000d6bd8f40,0x00000000d6c00000)
  to   space 1536K, 0% used [0x00000000d6900000,0x00000000d6900000,0x00000000d6a80000)
 ParOldGen       total 87552K, used 87516K [0x0000000080000000, 0x0000000085580000, 0x00000000d5580000)
  object space 87552K, 99% used [0x0000000080000000,0x0000000085577100,0x0000000085580000)
 Metaspace       used 68709K, committed 70272K, reserved 1114112K
  class space    used 7115K, committed 7744K, reserved 1048576K
}
Event: 104.785 GC heap after
{Heap after GC invocations=102 (full 3):
 PSYoungGen      total 19968K, used 858K [0x00000000d5580000, 0x00000000d6b00000, 0x0000000100000000)
  eden space 18944K, 0% used [0x00000000d5580000,0x00000000d5580000,0x00000000d6800000)
  from space 1024K, 83% used [0x00000000d6900000,0x00000000d69d6940,0x00000000d6a00000)
  to   space 1024K, 0% used [0x00000000d6a00000,0x00000000d6a00000,0x00000000d6b00000)
 ParOldGen       total 89088K, used 88664K [0x0000000080000000, 0x0000000085700000, 0x00000000d5580000)
  object space 89088K, 99% used [0x0000000080000000,0x0000000085696380,0x0000000085700000)
 Metaspace       used 68709K, committed 70272K, reserved 1114112K
  class space    used 7115K, committed 7744K, reserved 1048576K
}
Event: 109.448 GC heap before
{Heap before GC invocations=103 (full 3):
 PSYoungGen      total 19968K, used 19721K [0x00000000d5580000, 0x00000000d6b00000, 0x0000000100000000)
  eden space 18944K, 99% used [0x00000000d5580000,0x00000000d67ebe70,0x00000000d6800000)
  from space 1024K, 83% used [0x00000000d6900000,0x00000000d69d6940,0x00000000d6a00000)
  to   space 1024K, 0% used [0x00000000d6a00000,0x00000000d6a00000,0x00000000d6b00000)
 ParOldGen       total 89088K, used 88664K [0x0000000080000000, 0x0000000085700000, 0x00000000d5580000)
  object space 89088K, 99% used [0x0000000080000000,0x0000000085696380,0x0000000085700000)
 Metaspace       used 69477K, committed 70976K, reserved 1114112K
  class space    used 7191K, committed 7808K, reserved 1048576K
}
Event: 109.456 GC heap after
{Heap after GC invocations=103 (full 3):
 PSYoungGen      total 18432K, used 1010K [0x00000000d5580000, 0x00000000d6f00000, 0x0000000100000000)
  eden space 17408K, 0% used [0x00000000d5580000,0x00000000d5580000,0x00000000d6680000)
  from space 1024K, 98% used [0x00000000d6a00000,0x00000000d6afc940,0x00000000d6b00000)
  to   space 3584K, 0% used [0x00000000d6680000,0x00000000d6680000,0x00000000d6a00000)
 ParOldGen       total 91136K, used 90638K [0x0000000080000000, 0x0000000085900000, 0x00000000d5580000)
  object space 91136K, 99% used [0x0000000080000000,0x0000000085883a38,0x0000000085900000)
 Metaspace       used 69477K, committed 70976K, reserved 1114112K
  class space    used 7191K, committed 7808K, reserved 1048576K
}
Event: 112.385 GC heap before
{Heap before GC invocations=104 (full 3):
 PSYoungGen      total 18432K, used 18418K [0x00000000d5580000, 0x00000000d6f00000, 0x0000000100000000)
  eden space 17408K, 100% used [0x00000000d5580000,0x00000000d6680000,0x00000000d6680000)
  from space 1024K, 98% used [0x00000000d6a00000,0x00000000d6afc940,0x00000000d6b00000)
  to   space 3584K, 0% used [0x00000000d6680000,0x00000000d6680000,0x00000000d6a00000)
 ParOldGen       total 91136K, used 90638K [0x0000000080000000, 0x0000000085900000, 0x00000000d5580000)
  object space 91136K, 99% used [0x0000000080000000,0x0000000085883a38,0x0000000085900000)
 Metaspace       used 69540K, committed 71040K, reserved 1114112K
  class space    used 7194K, committed 7808K, reserved 1048576K
}
Event: 112.392 GC heap after
{Heap after GC invocations=104 (full 3):
 PSYoungGen      total 20992K, used 3310K [0x00000000d5580000, 0x00000000d6d80000, 0x0000000100000000)
  eden space 17408K, 0% used [0x00000000d5580000,0x00000000d5580000,0x00000000d6680000)
  from space 3584K, 92% used [0x00000000d6680000,0x00000000d69bb810,0x00000000d6a00000)
  to   space 3584K, 0% used [0x00000000d6a00000,0x00000000d6a00000,0x00000000d6d80000)
 ParOldGen       total 92672K, used 92402K [0x0000000080000000, 0x0000000085a80000, 0x00000000d5580000)
  object space 92672K, 99% used [0x0000000080000000,0x0000000085a3cad8,0x0000000085a80000)
 Metaspace       used 69540K, committed 71040K, reserved 1114112K
  class space    used 7194K, committed 7808K, reserved 1048576K
}
Event: 114.266 GC heap before
{Heap before GC invocations=105 (full 3):
 PSYoungGen      total 20992K, used 20718K [0x00000000d5580000, 0x00000000d6d80000, 0x0000000100000000)
  eden space 17408K, 100% used [0x00000000d5580000,0x00000000d6680000,0x00000000d6680000)
  from space 3584K, 92% used [0x00000000d6680000,0x00000000d69bb810,0x00000000d6a00000)
  to   space 3584K, 0% used [0x00000000d6a00000,0x00000000d6a00000,0x00000000d6d80000)
 ParOldGen       total 92672K, used 92402K [0x0000000080000000, 0x0000000085a80000, 0x00000000d5580000)
  object space 92672K, 99% used [0x0000000080000000,0x0000000085a3cad8,0x0000000085a80000)
 Metaspace       used 69613K, committed 71168K, reserved 1114112K
  class space    used 7200K, committed 7872K, reserved 1048576K
}
Event: 114.280 GC heap after
{Heap after GC invocations=105 (full 3):
 PSYoungGen      total 18944K, used 1120K [0x00000000d5580000, 0x00000000d6b80000, 0x0000000100000000)
  eden space 17408K, 0% used [0x00000000d5580000,0x00000000d5580000,0x00000000d6680000)
  from space 1536K, 72% used [0x00000000d6a00000,0x00000000d6b18000,0x00000000d6b80000)
  to   space 2048K, 0% used [0x00000000d6780000,0x00000000d6780000,0x00000000d6980000)
 ParOldGen       total 95744K, used 95647K [0x0000000080000000, 0x0000000085d80000, 0x00000000d5580000)
  object space 95744K, 99% used [0x0000000080000000,0x0000000085d67e50,0x0000000085d80000)
 Metaspace       used 69613K, committed 71168K, reserved 1114112K
  class space    used 7200K, committed 7872K, reserved 1048576K
}
Event: 117.308 GC heap before
{Heap before GC invocations=106 (full 3):
 PSYoungGen      total 18944K, used 18528K [0x00000000d5580000, 0x00000000d6b80000, 0x0000000100000000)
  eden space 17408K, 100% used [0x00000000d5580000,0x00000000d6680000,0x00000000d6680000)
  from space 1536K, 72% used [0x00000000d6a00000,0x00000000d6b18000,0x00000000d6b80000)
  to   space 2048K, 0% used [0x00000000d6780000,0x00000000d6780000,0x00000000d6980000)
 ParOldGen       total 95744K, used 95647K [0x0000000080000000, 0x0000000085d80000, 0x00000000d5580000)
  object space 95744K, 99% used [0x0000000080000000,0x0000000085d67e50,0x0000000085d80000)
 Metaspace       used 70011K, committed 71552K, reserved 1114112K
  class space    used 7221K, committed 7872K, reserved 1048576K
}
Event: 117.320 GC heap after
{Heap after GC invocations=106 (full 3):
 PSYoungGen      total 19456K, used 1552K [0x00000000d5580000, 0x00000000d6a80000, 0x0000000100000000)
  eden space 17408K, 0% used [0x00000000d5580000,0x00000000d5580000,0x00000000d6680000)
  from space 2048K, 75% used [0x00000000d6780000,0x00000000d69043f0,0x00000000d6980000)
  to   space 1024K, 0% used [0x00000000d6980000,0x00000000d6980000,0x00000000d6a80000)
 ParOldGen       total 96768K, used 96743K [0x0000000080000000, 0x0000000085e80000, 0x00000000d5580000)
  object space 96768K, 99% used [0x0000000080000000,0x0000000085e79ff0,0x0000000085e80000)
 Metaspace       used 70011K, committed 71552K, reserved 1114112K
  class space    used 7221K, committed 7872K, reserved 1048576K
}
Event: 119.083 GC heap before
{Heap before GC invocations=107 (full 3):
 PSYoungGen      total 19456K, used 18960K [0x00000000d5580000, 0x00000000d6a80000, 0x0000000100000000)
  eden space 17408K, 100% used [0x00000000d5580000,0x00000000d6680000,0x00000000d6680000)
  from space 2048K, 75% used [0x00000000d6780000,0x00000000d69043f0,0x00000000d6980000)
  to   space 1024K, 0% used [0x00000000d6980000,0x00000000d6980000,0x00000000d6a80000)
 ParOldGen       total 96768K, used 96743K [0x0000000080000000, 0x0000000085e80000, 0x00000000d5580000)
  object space 96768K, 99% used [0x0000000080000000,0x0000000085e79ff0,0x0000000085e80000)
 Metaspace       used 70075K, committed 71616K, reserved 1114112K
  class space    used 7223K, committed 7872K, reserved 1048576K
}
Event: 119.506 GC heap after
{Heap after GC invocations=107 (full 3):
 PSYoungGen      total 19456K, used 18960K [0x00000000d5580000, 0x00000000d6a80000, 0x0000000100000000)
  eden space 17408K, 100% used [0x00000000d5580000,0x00000000d6680000,0x00000000d6680000)
  from space 2048K, 75% used [0x00000000d6780000,0x00000000d69043f0,0x00000000d6980000)
  to   space 1024K, 97% used [0x00000000d6980000,0x00000000d6a7a910,0x00000000d6a80000)
 ParOldGen       total 97280K, used 97278K [0x0000000080000000, 0x0000000085f00000, 0x00000000d5580000)
  object space 97280K, 99% used [0x0000000080000000,0x0000000085effa60,0x0000000085f00000)
 Metaspace       used 70075K, committed 71616K, reserved 1114112K
  class space    used 7223K, committed 7872K, reserved 1048576K
}
Event: 119.506 GC heap before
{Heap before GC invocations=108 (full 4):
 PSYoungGen      total 19456K, used 18960K [0x00000000d5580000, 0x00000000d6a80000, 0x0000000100000000)
  eden space 17408K, 100% used [0x00000000d5580000,0x00000000d6680000,0x00000000d6680000)
  from space 2048K, 75% used [0x00000000d6780000,0x00000000d69043f0,0x00000000d6980000)
  to   space 1024K, 97% used [0x00000000d6980000,0x00000000d6a7a910,0x00000000d6a80000)
 ParOldGen       total 97280K, used 97278K [0x0000000080000000, 0x0000000085f00000, 0x00000000d5580000)
  object space 97280K, 99% used [0x0000000080000000,0x0000000085effa60,0x0000000085f00000)
 Metaspace       used 70075K, committed 71616K, reserved 1114112K
  class space    used 7223K, committed 7872K, reserved 1048576K
}
Event: 120.169 GC heap after
{Heap after GC invocations=108 (full 4):
 PSYoungGen      total 18432K, used 0K [0x00000000d5580000, 0x00000000d6a80000, 0x0000000100000000)
  eden space 17408K, 0% used [0x00000000d5580000,0x00000000d5580000,0x00000000d6680000)
  from space 1024K, 0% used [0x00000000d6980000,0x00000000d6980000,0x00000000d6a80000)
  to   space 2048K, 0% used [0x00000000d6680000,0x00000000d6680000,0x00000000d6880000)
 ParOldGen       total 99328K, used 71941K [0x0000000080000000, 0x0000000086100000, 0x00000000d5580000)
  object space 99328K, 72% used [0x0000000080000000,0x0000000084641538,0x0000000086100000)
 Metaspace       used 70068K, committed 71616K, reserved 1114112K
  class space    used 7221K, committed 7872K, reserved 1048576K
}

