# JRE version: OpenJDK Runtime Environment Temurin-21.0.10+7 (21.0.10+7) (build 21.0.10+7-LTS)
# Java VM: OpenJDK 64-Bit Server VM Temurin-21.0.10+7 (21.0.10+7-LTS, mixed mode, sharing, tiered, compressed oops, compressed class ptrs, parallel gc, windows-amd64)
GC Precious Log:
 CardTable entry size: 512
 CPUs: 2 total, 2 available
 Memory: 3911M
 Large Page Support: Disabled
 NUMA Support: Disabled
 Compressed Oops: Enabled (32-bit)
 Alignments: Space 512K, Generation 512K, Heap 2M
 Heap Min Capacity: 100M
 Heap Initial Capacity: 100M
 Heap Max Capacity: 2G
 Pre-touch: Disabled
 Parallel Workers: 2
Heap:
 PSYoungGen      total 13312K, used 7582K [0x00000000d5580000, 0x00000000d6380000, 0x0000000100000000)
  eden space 12288K, 58% used [0x00000000d5580000,0x00000000d5c8d6c0,0x00000000d6180000)
  from space 1024K, 35% used [0x00000000d6180000,0x00000000d61da1b0,0x00000000d6280000)
  to   space 512K, 0% used [0x00000000d6300000,0x00000000d6300000,0x00000000d6380000)
 ParOldGen       total 546816K, used 254033K [0x0000000080000000, 0x00000000a1600000, 0x00000000d5580000)
  object space 546816K, 46% used [0x0000000080000000,0x000000008f814460,0x00000000a1600000)
 Metaspace       used 95161K, committed 97088K, reserved 1179648K
  class space    used 9760K, committed 10624K, reserved 1048576K
GC Heap History (20 events):
Event: 1307.915 GC heap before
{Heap before GC invocations=1257 (full 5):
 PSYoungGen      total 13824K, used 13811K [0x00000000d5580000, 0x00000000d6480000, 0x0000000100000000)
  eden space 13312K, 100% used [0x00000000d5580000,0x00000000d6280000,0x00000000d6280000)
  from space 512K, 97% used [0x00000000d6280000,0x00000000d62fccb0,0x00000000d6300000)
  to   space 1024K, 0% used [0x00000000d6380000,0x00000000d6380000,0x00000000d6480000)
 ParOldGen       total 546816K, used 246761K [0x0000000080000000, 0x00000000a1600000, 0x00000000d5580000)
  object space 546816K, 45% used [0x0000000080000000,0x000000008f0fa640,0x00000000a1600000)
 Metaspace       used 95122K, committed 97024K, reserved 1179648K
  class space    used 9760K, committed 10624K, reserved 1048576K
}
Event: 1307.925 GC heap after
{Heap after GC invocations=1257 (full 5):
 PSYoungGen      total 13824K, used 287K [0x00000000d5580000, 0x00000000d6400000, 0x0000000100000000)
  eden space 13312K, 0% used [0x00000000d5580000,0x00000000d5580000,0x00000000d6280000)
  from space 512K, 56% used [0x00000000d6380000,0x00000000d63c7ff0,0x00000000d6400000)
  to   space 512K, 0% used [0x00000000d6280000,0x00000000d6280000,0x00000000d6300000)
 ParOldGen       total 546816K, used 247171K [0x0000000080000000, 0x00000000a1600000, 0x00000000d5580000)
  object space 546816K, 45% used [0x0000000080000000,0x000000008f160d10,0x00000000a1600000)
 Metaspace       used 95122K, committed 97024K, reserved 1179648K
  class space    used 9760K, committed 10624K, reserved 1048576K
}
Event: 1308.045 GC heap before
{Heap before GC invocations=1258 (full 5):
 PSYoungGen      total 13824K, used 13599K [0x00000000d5580000, 0x00000000d6400000, 0x0000000100000000)
  eden space 13312K, 100% used [0x00000000d5580000,0x00000000d6280000,0x00000000d6280000)
  from space 512K, 56% used [0x00000000d6380000,0x00000000d63c7ff0,0x00000000d6400000)
  to   space 512K, 0% used [0x00000000d6280000,0x00000000d6280000,0x00000000d6300000)
 ParOldGen       total 546816K, used 247171K [0x0000000080000000, 0x00000000a1600000, 0x00000000d5580000)
  object space 546816K, 45% used [0x0000000080000000,0x000000008f160d10,0x00000000a1600000)
 Metaspace       used 95122K, committed 97024K, reserved 1179648K
  class space    used 9760K, committed 10624K, reserved 1048576K
}
Event: 1308.053 GC heap after
{Heap after GC invocations=1258 (full 5):
 PSYoungGen      total 13824K, used 160K [0x00000000d5580000, 0x00000000d6400000, 0x0000000100000000)
  eden space 13312K, 0% used [0x00000000d5580000,0x00000000d5580000,0x00000000d6280000)
  from space 512K, 31% used [0x00000000d6280000,0x00000000d62a8000,0x00000000d6300000)
  to   space 512K, 0% used [0x00000000d6380000,0x00000000d6380000,0x00000000d6400000)
 ParOldGen       total 546816K, used 247409K [0x0000000080000000, 0x00000000a1600000, 0x00000000d5580000)
  object space 546816K, 45% used [0x0000000080000000,0x000000008f19c6b0,0x00000000a1600000)
 Metaspace       used 95122K, committed 97024K, reserved 1179648K
  class space    used 9760K, committed 10624K, reserved 1048576K
}
Event: 1308.684 GC heap before
{Heap before GC invocations=1259 (full 5):
 PSYoungGen      total 13824K, used 13472K [0x00000000d5580000, 0x00000000d6400000, 0x0000000100000000)
  eden space 13312K, 100% used [0x00000000d5580000,0x00000000d6280000,0x00000000d6280000)
  from space 512K, 31% used [0x00000000d6280000,0x00000000d62a8000,0x00000000d6300000)
  to   space 512K, 0% used [0x00000000d6380000,0x00000000d6380000,0x00000000d6400000)
 ParOldGen       total 546816K, used 247409K [0x0000000080000000, 0x00000000a1600000, 0x00000000d5580000)
  object space 546816K, 45% used [0x0000000080000000,0x000000008f19c6b0,0x00000000a1600000)
 Metaspace       used 95123K, committed 97024K, reserved 1179648K
  class space    used 9760K, committed 10624K, reserved 1048576K
}
Event: 1308.696 GC heap after
{Heap after GC invocations=1259 (full 5):
 PSYoungGen      total 13824K, used 288K [0x00000000d5580000, 0x00000000d6400000, 0x0000000100000000)
  eden space 13312K, 0% used [0x00000000d5580000,0x00000000d5580000,0x00000000d6280000)
  from space 512K, 56% used [0x00000000d6380000,0x00000000d63c8240,0x00000000d6400000)
  to   space 512K, 0% used [0x00000000d6280000,0x00000000d6280000,0x00000000d6300000)
 ParOldGen       total 546816K, used 247521K [0x0000000080000000, 0x00000000a1600000, 0x00000000d5580000)
  object space 546816K, 45% used [0x0000000080000000,0x000000008f1b86b0,0x00000000a1600000)
 Metaspace       used 95123K, committed 97024K, reserved 1179648K
  class space    used 9760K, committed 10624K, reserved 1048576K
}
Event: 1310.335 GC heap before
{Heap before GC invocations=1260 (full 5):
 PSYoungGen      total 13824K, used 13600K [0x00000000d5580000, 0x00000000d6400000, 0x0000000100000000)
  eden space 13312K, 99% used [0x00000000d5580000,0x00000000d627ff40,0x00000000d6280000)
  from space 512K, 56% used [0x00000000d6380000,0x00000000d63c8240,0x00000000d6400000)
  to   space 512K, 0% used [0x00000000d6280000,0x00000000d6280000,0x00000000d6300000)
 ParOldGen       total 546816K, used 247521K [0x0000000080000000, 0x00000000a1600000, 0x00000000d5580000)
  object space 546816K, 45% used [0x0000000080000000,0x000000008f1b86b0,0x00000000a1600000)
 Metaspace       used 95123K, committed 97024K, reserved 1179648K
  class space    used 9760K, committed 10624K, reserved 1048576K
}
Event: 1310.351 GC heap after
{Heap after GC invocations=1260 (full 5):
 PSYoungGen      total 13824K, used 512K [0x00000000d5580000, 0x00000000d6580000, 0x0000000100000000)
  eden space 13312K, 0% used [0x00000000d5580000,0x00000000d5580000,0x00000000d6280000)
  from space 512K, 100% used [0x00000000d6280000,0x00000000d6300000,0x00000000d6300000)
  to   space 1536K, 0% used [0x00000000d6400000,0x00000000d6400000,0x00000000d6580000)
 ParOldGen       total 546816K, used 248227K [0x0000000080000000, 0x00000000a1600000, 0x00000000d5580000)
  object space 546816K, 45% used [0x0000000080000000,0x000000008f268e90,0x00000000a1600000)
 Metaspace       used 95123K, committed 97024K, reserved 1179648K
  class space    used 9760K, committed 10624K, reserved 1048576K
}
Event: 1311.592 GC heap before
{Heap before GC invocations=1261 (full 5):
 PSYoungGen      total 13824K, used 13824K [0x00000000d5580000, 0x00000000d6580000, 0x0000000100000000)
  eden space 13312K, 100% used [0x00000000d5580000,0x00000000d6280000,0x00000000d6280000)
  from space 512K, 100% used [0x00000000d6280000,0x00000000d6300000,0x00000000d6300000)
  to   space 1536K, 0% used [0x00000000d6400000,0x00000000d6400000,0x00000000d6580000)
 ParOldGen       total 546816K, used 248227K [0x0000000080000000, 0x00000000a1600000, 0x00000000d5580000)
  object space 546816K, 45% used [0x0000000080000000,0x000000008f268e90,0x00000000a1600000)
 Metaspace       used 95124K, committed 97024K, reserved 1179648K
  class space    used 9760K, committed 10624K, reserved 1048576K
}
Event: 1311.614 GC heap after
{Heap after GC invocations=1261 (full 5):
 PSYoungGen      total 13824K, used 1521K [0x00000000d5580000, 0x00000000d6780000, 0x0000000100000000)
  eden space 12288K, 0% used [0x00000000d5580000,0x00000000d5580000,0x00000000d6180000)
  from space 1536K, 99% used [0x00000000d6400000,0x00000000d657c728,0x00000000d6580000)
  to   space 2560K, 0% used [0x00000000d6180000,0x00000000d6180000,0x00000000d6400000)
 ParOldGen       total 546816K, used 248943K [0x0000000080000000, 0x00000000a1600000, 0x00000000d5580000)
  object space 546816K, 45% used [0x0000000080000000,0x000000008f31bf10,0x00000000a1600000)
 Metaspace       used 95124K, committed 97024K, reserved 1179648K
  class space    used 9760K, committed 10624K, reserved 1048576K
}
Event: 1312.481 GC heap before
{Heap before GC invocations=1262 (full 5):
 PSYoungGen      total 13824K, used 13809K [0x00000000d5580000, 0x00000000d6780000, 0x0000000100000000)
  eden space 12288K, 100% used [0x00000000d5580000,0x00000000d6180000,0x00000000d6180000)
  from space 1536K, 99% used [0x00000000d6400000,0x00000000d657c728,0x00000000d6580000)
  to   space 2560K, 0% used [0x00000000d6180000,0x00000000d6180000,0x00000000d6400000)
 ParOldGen       total 546816K, used 248943K [0x0000000080000000, 0x00000000a1600000, 0x00000000d5580000)
  object space 546816K, 45% used [0x0000000080000000,0x000000008f31bf10,0x00000000a1600000)
 Metaspace       used 95124K, committed 97024K, reserved 1179648K
  class space    used 9760K, committed 10624K, reserved 1048576K
}
Event: 1312.498 GC heap after
{Heap after GC invocations=1262 (full 5):
 PSYoungGen      total 12800K, used 512K [0x00000000d5580000, 0x00000000d6480000, 0x0000000100000000)
  eden space 12288K, 0% used [0x00000000d5580000,0x00000000d5580000,0x00000000d6180000)
  from space 512K, 100% used [0x00000000d6180000,0x00000000d6200000,0x00000000d6200000)
  to   space 1536K, 0% used [0x00000000d6300000,0x00000000d6300000,0x00000000d6480000)
 ParOldGen       total 546816K, used 249640K [0x0000000080000000, 0x00000000a1600000, 0x00000000d5580000)
  object space 546816K, 45% used [0x0000000080000000,0x000000008f3ca308,0x00000000a1600000)
 Metaspace       used 95124K, committed 97024K, reserved 1179648K
  class space    used 9760K, committed 10624K, reserved 1048576K
}
Event: 1315.410 GC heap before
{Heap before GC invocations=1263 (full 5):
 PSYoungGen      total 12800K, used 12800K [0x00000000d5580000, 0x00000000d6480000, 0x0000000100000000)
  eden space 12288K, 100% used [0x00000000d5580000,0x00000000d6180000,0x00000000d6180000)
  from space 512K, 100% used [0x00000000d6180000,0x00000000d6200000,0x00000000d6200000)
  to   space 1536K, 0% used [0x00000000d6300000,0x00000000d6300000,0x00000000d6480000)
 ParOldGen       total 546816K, used 249640K [0x0000000080000000, 0x00000000a1600000, 0x00000000d5580000)
  object space 546816K, 45% used [0x0000000080000000,0x000000008f3ca308,0x00000000a1600000)
 Metaspace       used 95131K, committed 97024K, reserved 1179648K
  class space    used 9760K, committed 10624K, reserved 1048576K
}
Event: 1315.450 GC heap after
{Heap after GC invocations=1263 (full 5):
 PSYoungGen      total 13824K, used 1225K [0x00000000d5580000, 0x00000000d6480000, 0x0000000100000000)
  eden space 12288K, 0% used [0x00000000d5580000,0x00000000d5580000,0x00000000d6180000)
  from space 1536K, 79% used [0x00000000d6300000,0x00000000d64326f8,0x00000000d6480000)
  to   space 1536K, 0% used [0x00000000d6180000,0x00000000d6180000,0x00000000d6300000)
 ParOldGen       total 546816K, used 251417K [0x0000000080000000, 0x00000000a1600000, 0x00000000d5580000)
  object space 546816K, 45% used [0x0000000080000000,0x000000008f586568,0x00000000a1600000)
 Metaspace       used 95131K, committed 97024K, reserved 1179648K
  class space    used 9760K, committed 10624K, reserved 1048576K
}
Event: 1316.344 GC heap before
{Heap before GC invocations=1264 (full 5):
 PSYoungGen      total 13824K, used 13513K [0x00000000d5580000, 0x00000000d6480000, 0x0000000100000000)
  eden space 12288K, 100% used [0x00000000d5580000,0x00000000d6180000,0x00000000d6180000)
  from space 1536K, 79% used [0x00000000d6300000,0x00000000d64326f8,0x00000000d6480000)
  to   space 1536K, 0% used [0x00000000d6180000,0x00000000d6180000,0x00000000d6300000)
 ParOldGen       total 546816K, used 251417K [0x0000000080000000, 0x00000000a1600000, 0x00000000d5580000)
  object space 546816K, 45% used [0x0000000080000000,0x000000008f586568,0x00000000a1600000)
 Metaspace       used 95131K, committed 97024K, reserved 1179648K
  class space    used 9760K, committed 10624K, reserved 1048576K
}
Event: 1316.357 GC heap after
{Heap after GC invocations=1264 (full 5):
 PSYoungGen      total 13824K, used 1328K [0x00000000d5580000, 0x00000000d6480000, 0x0000000100000000)
  eden space 12288K, 0% used [0x00000000d5580000,0x00000000d5580000,0x00000000d6180000)
  from space 1536K, 86% used [0x00000000d6180000,0x00000000d62cc2d8,0x00000000d6300000)
  to   space 1536K, 0% used [0x00000000d6300000,0x00000000d6300000,0x00000000d6480000)
 ParOldGen       total 546816K, used 252420K [0x0000000080000000, 0x00000000a1600000, 0x00000000d5580000)
  object space 546816K, 46% used [0x0000000080000000,0x000000008f681018,0x00000000a1600000)
 Metaspace       used 95131K, committed 97024K, reserved 1179648K
  class space    used 9760K, committed 10624K, reserved 1048576K
}
Event: 1317.315 GC heap before
{Heap before GC invocations=1265 (full 5):
 PSYoungGen      total 13824K, used 12095K [0x00000000d5580000, 0x00000000d6480000, 0x0000000100000000)
  eden space 12288K, 87% used [0x00000000d5580000,0x00000000d6003b28,0x00000000d6180000)
  from space 1536K, 86% used [0x00000000d6180000,0x00000000d62cc2d8,0x00000000d6300000)
  to   space 1536K, 0% used [0x00000000d6300000,0x00000000d6300000,0x00000000d6480000)
 ParOldGen       total 546816K, used 252420K [0x0000000080000000, 0x00000000a1600000, 0x00000000d5580000)
  object space 546816K, 46% used [0x0000000080000000,0x000000008f681018,0x00000000a1600000)
 Metaspace       used 95136K, committed 97024K, reserved 1179648K
  class space    used 9760K, committed 10624K, reserved 1048576K
}
Event: 1317.333 GC heap after
{Heap after GC invocations=1265 (full 5):
 PSYoungGen      total 12800K, used 435K [0x00000000d5580000, 0x00000000d6380000, 0x0000000100000000)
  eden space 12288K, 0% used [0x00000000d5580000,0x00000000d5580000,0x00000000d6180000)
  from space 512K, 84% used [0x00000000d6300000,0x00000000d636cc30,0x00000000d6380000)
  to   space 1024K, 0% used [0x00000000d6180000,0x00000000d6180000,0x00000000d6280000)
 ParOldGen       total 546816K, used 253641K [0x0000000080000000, 0x00000000a1600000, 0x00000000d5580000)
  object space 546816K, 46% used [0x0000000080000000,0x000000008f7b25a0,0x00000000a1600000)
 Metaspace       used 95136K, committed 97024K, reserved 1179648K
  class space    used 9760K, committed 10624K, reserved 1048576K
}
Event: 1319.427 GC heap before
{Heap before GC invocations=1266 (full 5):
 PSYoungGen      total 12800K, used 12723K [0x00000000d5580000, 0x00000000d6380000, 0x0000000100000000)
  eden space 12288K, 100% used [0x00000000d5580000,0x00000000d6180000,0x00000000d6180000)
  from space 512K, 84% used [0x00000000d6300000,0x00000000d636cc30,0x00000000d6380000)
  to   space 1024K, 0% used [0x00000000d6180000,0x00000000d6180000,0x00000000d6280000)
 ParOldGen       total 546816K, used 253641K [0x0000000080000000, 0x00000000a1600000, 0x00000000d5580000)
  object space 546816K, 46% used [0x0000000080000000,0x000000008f7b25a0,0x00000000a1600000)
 Metaspace       used 95136K, committed 97024K, reserved 1179648K
  class space    used 9760K, committed 10624K, reserved 1048576K
}
Event: 1319.434 GC heap after
{Heap after GC invocations=1266 (full 5):
 PSYoungGen      total 13312K, used 360K [0x00000000d5580000, 0x00000000d6380000, 0x0000000100000000)
  eden space 12288K, 0% used [0x00000000d5580000,0x00000000d5580000,0x00000000d6180000)
  from space 1024K, 35% used [0x00000000d6180000,0x00000000d61da1b0,0x00000000d6280000)
  to   space 512K, 0% used [0x00000000d6300000,0x00000000d6300000,0x00000000d6380000)
 ParOldGen       total 546816K, used 254033K [0x0000000080000000, 0x00000000a1600000, 0x00000000d5580000)
  object space 546816K, 46% used [0x0000000080000000,0x000000008f814460,0x00000000a1600000)
 Metaspace       used 95136K, committed 97024K, reserved 1179648K
  class space    used 9760K, committed 10624K, reserved 1048576K
}

