# JRE version: OpenJDK Runtime Environment Temurin-21.0.10+7 (21.0.10+7) (build 21.0.10+7-LTS)
# Java VM: OpenJDK 64-Bit Server VM Temurin-21.0.10+7 (21.0.10+7-LTS, mixed mode, sharing, tiered, compressed oops, compressed class ptrs, parallel gc, windows-amd64)
GC Precious Log:
 CardTable entry size: 512
 CPUs: 2 total, 2 available
 Memory: 3911M
 Large Page Support: Disabled
 NUMA Support: Disabled
 Compressed Oops: Enabled (32-bit)
 Alignments: Space 512K, Generation 512K, Heap 2M
 Heap Min Capacity: 100M
 Heap Initial Capacity: 100M
 Heap Max Capacity: 2G
 Pre-touch: Disabled
 Parallel Workers: 2
Heap:
 PSYoungGen      total 16896K, used 7569K [0x00000000d5580000, 0x00000000d6980000, 0x0000000100000000)
  eden space 15360K, 39% used [0x00000000d5580000,0x00000000d5b744a0,0x00000000d6480000)
  from space 1536K, 95% used [0x00000000d6480000,0x00000000d65f0010,0x00000000d6600000)
  to   space 2048K, 0% used [0x00000000d6780000,0x00000000d6780000,0x00000000d6980000)
 ParOldGen       total 68608K, used 39167K [0x0000000080000000, 0x0000000084300000, 0x00000000d5580000)
  object space 68608K, 57% used [0x0000000080000000,0x000000008263ff10,0x0000000084300000)
 Metaspace       used 49451K, committed 50752K, reserved 1114112K
  class space    used 5349K, committed 5888K, reserved 1048576K
GC Heap History (20 events):
Event: 61.534 GC heap before
{Heap before GC invocations=18 (full 2):
 PSYoungGen      total 24064K, used 24053K [0x00000000d5580000, 0x00000000d7300000, 0x0000000100000000)
  eden space 22016K, 100% used [0x00000000d5580000,0x00000000d6b00000,0x00000000d6b00000)
  from space 2048K, 99% used [0x00000000d6c80000,0x00000000d6e7d4e0,0x00000000d6e80000)
  to   space 4096K, 0% used [0x00000000d6f00000,0x00000000d6f00000,0x00000000d7300000)
 ParOldGen       total 68608K, used 20246K [0x0000000080000000, 0x0000000084300000, 0x00000000d5580000)
  object space 68608K, 29% used [0x0000000080000000,0x00000000813c59e8,0x0000000084300000)
 Metaspace       used 42093K, committed 43328K, reserved 1114112K
  class space    used 4514K, committed 5056K, reserved 1048576K
}
Event: 61.544 GC heap after
{Heap after GC invocations=18 (full 2):
 PSYoungGen      total 24064K, used 1568K [0x00000000d5580000, 0x00000000d7100000, 0x0000000100000000)
  eden space 22016K, 0% used [0x00000000d5580000,0x00000000d5580000,0x00000000d6b00000)
  from space 2048K, 76% used [0x00000000d6f00000,0x00000000d7088000,0x00000000d7100000)
  to   space 2560K, 0% used [0x00000000d6c00000,0x00000000d6c00000,0x00000000d6e80000)
 ParOldGen       total 68608K, used 22161K [0x0000000080000000, 0x0000000084300000, 0x00000000d5580000)
  object space 68608K, 32% used [0x0000000080000000,0x00000000815a4590,0x0000000084300000)
 Metaspace       used 42093K, committed 43328K, reserved 1114112K
  class space    used 4514K, committed 5056K, reserved 1048576K
}
Event: 62.644 GC heap before
{Heap before GC invocations=19 (full 2):
 PSYoungGen      total 24064K, used 23584K [0x00000000d5580000, 0x00000000d7100000, 0x0000000100000000)
  eden space 22016K, 100% used [0x00000000d5580000,0x00000000d6b00000,0x00000000d6b00000)
  from space 2048K, 76% used [0x00000000d6f00000,0x00000000d7088000,0x00000000d7100000)
  to   space 2560K, 0% used [0x00000000d6c00000,0x00000000d6c00000,0x00000000d6e80000)
 ParOldGen       total 68608K, used 22161K [0x0000000080000000, 0x0000000084300000, 0x00000000d5580000)
  object space 68608K, 32% used [0x0000000080000000,0x00000000815a4590,0x0000000084300000)
 Metaspace       used 43651K, committed 44864K, reserved 1114112K
  class space    used 4678K, committed 5248K, reserved 1048576K
}
Event: 62.656 GC heap after
{Heap after GC invocations=19 (full 2):
 PSYoungGen      total 24576K, used 2272K [0x00000000d5580000, 0x00000000d7000000, 0x0000000100000000)
  eden space 22016K, 0% used [0x00000000d5580000,0x00000000d5580000,0x00000000d6b00000)
  from space 2560K, 88% used [0x00000000d6c00000,0x00000000d6e38000,0x00000000d6e80000)
  to   space 1536K, 0% used [0x00000000d6e80000,0x00000000d6e80000,0x00000000d7000000)
 ParOldGen       total 68608K, used 23616K [0x0000000080000000, 0x0000000084300000, 0x00000000d5580000)
  object space 68608K, 34% used [0x0000000080000000,0x00000000817102a0,0x0000000084300000)
 Metaspace       used 43651K, committed 44864K, reserved 1114112K
  class space    used 4678K, committed 5248K, reserved 1048576K
}
Event: 63.544 GC heap before
{Heap before GC invocations=20 (full 2):
 PSYoungGen      total 24576K, used 24288K [0x00000000d5580000, 0x00000000d7000000, 0x0000000100000000)
  eden space 22016K, 100% used [0x00000000d5580000,0x00000000d6b00000,0x00000000d6b00000)
  from space 2560K, 88% used [0x00000000d6c00000,0x00000000d6e38000,0x00000000d6e80000)
  to   space 1536K, 0% used [0x00000000d6e80000,0x00000000d6e80000,0x00000000d7000000)
 ParOldGen       total 68608K, used 23616K [0x0000000080000000, 0x0000000084300000, 0x00000000d5580000)
  object space 68608K, 34% used [0x0000000080000000,0x00000000817102a0,0x0000000084300000)
 Metaspace       used 45331K, committed 46528K, reserved 1114112K
  class space    used 4916K, committed 5440K, reserved 1048576K
}
Event: 63.564 GC heap after
{Heap after GC invocations=20 (full 2):
 PSYoungGen      total 16896K, used 1536K [0x00000000d5580000, 0x00000000d7f00000, 0x0000000100000000)
  eden space 15360K, 0% used [0x00000000d5580000,0x00000000d5580000,0x00000000d6480000)
  from space 1536K, 100% used [0x00000000d6e80000,0x00000000d7000000,0x00000000d7000000)
  to   space 10240K, 0% used [0x00000000d6480000,0x00000000d6480000,0x00000000d6e80000)
 ParOldGen       total 68608K, used 31021K [0x0000000080000000, 0x0000000084300000, 0x00000000d5580000)
  object space 68608K, 45% used [0x0000000080000000,0x0000000081e4b5f8,0x0000000084300000)
 Metaspace       used 45331K, committed 46528K, reserved 1114112K
  class space    used 4916K, committed 5440K, reserved 1048576K
}
Event: 64.939 GC heap before
{Heap before GC invocations=21 (full 2):
 PSYoungGen      total 16896K, used 16896K [0x00000000d5580000, 0x00000000d7f00000, 0x0000000100000000)
  eden space 15360K, 100% used [0x00000000d5580000,0x00000000d6480000,0x00000000d6480000)
  from space 1536K, 100% used [0x00000000d6e80000,0x00000000d7000000,0x00000000d7000000)
  to   space 10240K, 0% used [0x00000000d6480000,0x00000000d6480000,0x00000000d6e80000)
 ParOldGen       total 68608K, used 31021K [0x0000000080000000, 0x0000000084300000, 0x00000000d5580000)
  object space 68608K, 45% used [0x0000000080000000,0x0000000081e4b5f8,0x0000000084300000)
 Metaspace       used 47135K, committed 48320K, reserved 1114112K
  class space    used 5113K, committed 5632K, reserved 1048576K
}
Event: 64.948 GC heap after
{Heap after GC invocations=21 (full 2):
 PSYoungGen      total 16896K, used 1051K [0x00000000d5580000, 0x00000000d6f00000, 0x0000000100000000)
  eden space 15360K, 0% used [0x00000000d5580000,0x00000000d5580000,0x00000000d6480000)
  from space 1536K, 68% used [0x00000000d6480000,0x00000000d6586ea8,0x00000000d6600000)
  to   space 4096K, 0% used [0x00000000d6b00000,0x00000000d6b00000,0x00000000d6f00000)
 ParOldGen       total 68608K, used 32556K [0x0000000080000000, 0x0000000084300000, 0x00000000d5580000)
  object space 68608K, 47% used [0x0000000080000000,0x0000000081fcb078,0x0000000084300000)
 Metaspace       used 47135K, committed 48320K, reserved 1114112K
  class space    used 5113K, committed 5632K, reserved 1048576K
}
Event: 66.422 GC heap before
{Heap before GC invocations=22 (full 2):
 PSYoungGen      total 16896K, used 16411K [0x00000000d5580000, 0x00000000d6f00000, 0x0000000100000000)
  eden space 15360K, 100% used [0x00000000d5580000,0x00000000d6480000,0x00000000d6480000)
  from space 1536K, 68% used [0x00000000d6480000,0x00000000d6586ea8,0x00000000d6600000)
  to   space 4096K, 0% used [0x00000000d6b00000,0x00000000d6b00000,0x00000000d6f00000)
 ParOldGen       total 68608K, used 32556K [0x0000000080000000, 0x0000000084300000, 0x00000000d5580000)
  object space 68608K, 47% used [0x0000000080000000,0x0000000081fcb078,0x0000000084300000)
 Metaspace       used 47307K, committed 48576K, reserved 1114112K
  class space    used 5123K, committed 5696K, reserved 1048576K
}
Event: 66.429 GC heap after
{Heap after GC invocations=22 (full 2):
 PSYoungGen      total 15872K, used 320K [0x00000000d5580000, 0x00000000d6b80000, 0x0000000100000000)
  eden space 15360K, 0% used [0x00000000d5580000,0x00000000d5580000,0x00000000d6480000)
  from space 512K, 62% used [0x00000000d6b00000,0x00000000d6b50000,0x00000000d6b80000)
  to   space 1536K, 0% used [0x00000000d6880000,0x00000000d6880000,0x00000000d6a00000)
 ParOldGen       total 68608K, used 33526K [0x0000000080000000, 0x0000000084300000, 0x00000000d5580000)
  object space 68608K, 48% used [0x0000000080000000,0x00000000820bd918,0x0000000084300000)
 Metaspace       used 47307K, committed 48576K, reserved 1114112K
  class space    used 5123K, committed 5696K, reserved 1048576K
}
Event: 68.888 GC heap before
{Heap before GC invocations=23 (full 2):
 PSYoungGen      total 15872K, used 15680K [0x00000000d5580000, 0x00000000d6b80000, 0x0000000100000000)
  eden space 15360K, 100% used [0x00000000d5580000,0x00000000d6480000,0x00000000d6480000)
  from space 512K, 62% used [0x00000000d6b00000,0x00000000d6b50000,0x00000000d6b80000)
  to   space 1536K, 0% used [0x00000000d6880000,0x00000000d6880000,0x00000000d6a00000)
 ParOldGen       total 68608K, used 33526K [0x0000000080000000, 0x0000000084300000, 0x00000000d5580000)
  object space 68608K, 48% used [0x0000000080000000,0x00000000820bd918,0x0000000084300000)
 Metaspace       used 48985K, committed 50304K, reserved 1114112K
  class space    used 5291K, committed 5888K, reserved 1048576K
}
Event: 68.894 GC heap after
{Heap after GC invocations=23 (full 2):
 PSYoungGen      total 16896K, used 1080K [0x00000000d5580000, 0x00000000d6b80000, 0x0000000100000000)
  eden space 15360K, 0% used [0x00000000d5580000,0x00000000d5580000,0x00000000d6480000)
  from space 1536K, 70% used [0x00000000d6880000,0x00000000d698e1c8,0x00000000d6a00000)
  to   space 1536K, 0% used [0x00000000d6a00000,0x00000000d6a00000,0x00000000d6b80000)
 ParOldGen       total 68608K, used 33726K [0x0000000080000000, 0x0000000084300000, 0x00000000d5580000)
  object space 68608K, 49% used [0x0000000080000000,0x00000000820ef918,0x0000000084300000)
 Metaspace       used 48985K, committed 50304K, reserved 1114112K
  class space    used 5291K, committed 5888K, reserved 1048576K
}
Event: 69.454 GC heap before
{Heap before GC invocations=24 (full 2):
 PSYoungGen      total 16896K, used 16440K [0x00000000d5580000, 0x00000000d6b80000, 0x0000000100000000)
  eden space 15360K, 100% used [0x00000000d5580000,0x00000000d6480000,0x00000000d6480000)
  from space 1536K, 70% used [0x00000000d6880000,0x00000000d698e1c8,0x00000000d6a00000)
  to   space 1536K, 0% used [0x00000000d6a00000,0x00000000d6a00000,0x00000000d6b80000)
 ParOldGen       total 68608K, used 33726K [0x0000000080000000, 0x0000000084300000, 0x00000000d5580000)
  object space 68608K, 49% used [0x0000000080000000,0x00000000820ef918,0x0000000084300000)
 Metaspace       used 49087K, committed 50432K, reserved 1114112K
  class space    used 5297K, committed 5888K, reserved 1048576K
}
Event: 69.462 GC heap after
{Heap after GC invocations=24 (full 2):
 PSYoungGen      total 16896K, used 1472K [0x00000000d5580000, 0x00000000d6b80000, 0x0000000100000000)
  eden space 15360K, 0% used [0x00000000d5580000,0x00000000d5580000,0x00000000d6480000)
  from space 1536K, 95% used [0x00000000d6a00000,0x00000000d6b70010,0x00000000d6b80000)
  to   space 2048K, 0% used [0x00000000d6780000,0x00000000d6780000,0x00000000d6980000)
 ParOldGen       total 68608K, used 34756K [0x0000000080000000, 0x0000000084300000, 0x00000000d5580000)
  object space 68608K, 50% used [0x0000000080000000,0x00000000821f1260,0x0000000084300000)
 Metaspace       used 49087K, committed 50432K, reserved 1114112K
  class space    used 5297K, committed 5888K, reserved 1048576K
}
Event: 72.105 GC heap before
{Heap before GC invocations=25 (full 2):
 PSYoungGen      total 16896K, used 16832K [0x00000000d5580000, 0x00000000d6b80000, 0x0000000100000000)
  eden space 15360K, 100% used [0x00000000d5580000,0x00000000d6480000,0x00000000d6480000)
  from space 1536K, 95% used [0x00000000d6a00000,0x00000000d6b70010,0x00000000d6b80000)
  to   space 2048K, 0% used [0x00000000d6780000,0x00000000d6780000,0x00000000d6980000)
 ParOldGen       total 68608K, used 34756K [0x0000000080000000, 0x0000000084300000, 0x00000000d5580000)
  object space 68608K, 50% used [0x0000000080000000,0x00000000821f1260,0x0000000084300000)
 Metaspace       used 49087K, committed 50432K, reserved 1114112K
  class space    used 5297K, committed 5888K, reserved 1048576K
}
Event: 72.113 GC heap after
{Heap after GC invocations=25 (full 2):
 PSYoungGen      total 16896K, used 1376K [0x00000000d5580000, 0x00000000d6a80000, 0x0000000100000000)
  eden space 15360K, 0% used [0x00000000d5580000,0x00000000d5580000,0x00000000d6480000)
  from space 1536K, 89% used [0x00000000d6780000,0x00000000d68d8010,0x00000000d6900000)
  to   space 1536K, 0% used [0x00000000d6900000,0x00000000d6900000,0x00000000d6a80000)
 ParOldGen       total 68608K, used 36161K [0x0000000080000000, 0x0000000084300000, 0x00000000d5580000)
  object space 68608K, 52% used [0x0000000080000000,0x00000000823505c8,0x0000000084300000)
 Metaspace       used 49087K, committed 50432K, reserved 1114112K
  class space    used 5297K, committed 5888K, reserved 1048576K
}
Event: 74.272 GC heap before
{Heap before GC invocations=26 (full 2):
 PSYoungGen      total 16896K, used 16736K [0x00000000d5580000, 0x00000000d6a80000, 0x0000000100000000)
  eden space 15360K, 100% used [0x00000000d5580000,0x00000000d6480000,0x00000000d6480000)
  from space 1536K, 89% used [0x00000000d6780000,0x00000000d68d8010,0x00000000d6900000)
  to   space 1536K, 0% used [0x00000000d6900000,0x00000000d6900000,0x00000000d6a80000)
 ParOldGen       total 68608K, used 36161K [0x0000000080000000, 0x0000000084300000, 0x00000000d5580000)
  object space 68608K, 52% used [0x0000000080000000,0x00000000823505c8,0x0000000084300000)
 Metaspace       used 49435K, committed 50688K, reserved 1114112K
  class space    used 5349K, committed 5888K, reserved 1048576K
}
Event: 74.282 GC heap after
{Heap after GC invocations=26 (full 2):
 PSYoungGen      total 16896K, used 1506K [0x00000000d5580000, 0x00000000d6b80000, 0x0000000100000000)
  eden space 15360K, 0% used [0x00000000d5580000,0x00000000d5580000,0x00000000d6480000)
  from space 1536K, 98% used [0x00000000d6900000,0x00000000d6a78800,0x00000000d6a80000)
  to   space 3584K, 0% used [0x00000000d6480000,0x00000000d6480000,0x00000000d6800000)
 ParOldGen       total 68608K, used 37657K [0x0000000080000000, 0x0000000084300000, 0x00000000d5580000)
  object space 68608K, 54% used [0x0000000080000000,0x00000000824c65e8,0x0000000084300000)
 Metaspace       used 49435K, committed 50688K, reserved 1114112K
  class space    used 5349K, committed 5888K, reserved 1048576K
}
Event: 75.446 GC heap before
{Heap before GC invocations=27 (full 2):
 PSYoungGen      total 16896K, used 16866K [0x00000000d5580000, 0x00000000d6b80000, 0x0000000100000000)
  eden space 15360K, 100% used [0x00000000d5580000,0x00000000d6480000,0x00000000d6480000)
  from space 1536K, 98% used [0x00000000d6900000,0x00000000d6a78800,0x00000000d6a80000)
  to   space 3584K, 0% used [0x00000000d6480000,0x00000000d6480000,0x00000000d6800000)
 ParOldGen       total 68608K, used 37657K [0x0000000080000000, 0x0000000084300000, 0x00000000d5580000)
  object space 68608K, 54% used [0x0000000080000000,0x00000000824c65e8,0x0000000084300000)
 Metaspace       used 49440K, committed 50688K, reserved 1114112K
  class space    used 5349K, committed 5888K, reserved 1048576K
}
Event: 75.455 GC heap after
{Heap after GC invocations=27 (full 2):
 PSYoungGen      total 16896K, used 1472K [0x00000000d5580000, 0x00000000d6980000, 0x0000000100000000)
  eden space 15360K, 0% used [0x00000000d5580000,0x00000000d5580000,0x00000000d6480000)
  from space 1536K, 95% used [0x00000000d6480000,0x00000000d65f0010,0x00000000d6600000)
  to   space 2048K, 0% used [0x00000000d6780000,0x00000000d6780000,0x00000000d6980000)
 ParOldGen       total 68608K, used 39167K [0x0000000080000000, 0x0000000084300000, 0x00000000d5580000)
  object space 68608K, 57% used [0x0000000080000000,0x000000008263ff10,0x0000000084300000)
 Metaspace       used 49440K, committed 50688K, reserved 1114112K
  class space    used 5349K, committed 5888K, reserved 1048576K
}

