# JRE version: OpenJDK Runtime Environment Temurin-21.0.10+7 (21.0.10+7) (build 21.0.10+7-LTS)
# Java VM: OpenJDK 64-Bit Server VM Temurin-21.0.10+7 (21.0.10+7-LTS, mixed mode, sharing, tiered, compressed oops, compressed class ptrs, parallel gc, windows-amd64)
GC Precious Log:
 CardTable entry size: 512
 CPUs: 2 total, 2 available
 Memory: 3911M
 Large Page Support: Disabled
 NUMA Support: Disabled
 Compressed Oops: Enabled (32-bit)
 Alignments: Space 512K, Generation 512K, Heap 2M
 Heap Min Capacity: 100M
 Heap Initial Capacity: 100M
 Heap Max Capacity: 2G
 Pre-touch: Disabled
 Parallel Workers: 2
Heap:
 PSYoungGen      total 9216K, used 6113K [0x00000000d5580000, 0x00000000d6280000, 0x0000000100000000)
  eden space 7168K, 57% used [0x00000000d5580000,0x00000000d5989ed8,0x00000000d5c80000)
  from space 2048K, 96% used [0x00000000d5d00000,0x00000000d5eee668,0x00000000d5f00000)
  to   space 3072K, 0% used [0x00000000d5f80000,0x00000000d5f80000,0x00000000d6280000)
 ParOldGen       total 1061888K, used 1061385K [0x0000000080000000, 0x00000000c0d00000, 0x00000000d5580000)
  object space 1061888K, 99% used [0x0000000080000000,0x00000000c0c82790,0x00000000c0d00000)
 Metaspace       used 93619K, committed 95552K, reserved 1179648K
  class space    used 9471K, committed 10368K, reserved 1048576K
GC Heap History (20 events):
Event: 6755.488 GC heap before
{Heap before GC invocations=2485 (full 5):
 PSYoungGen      total 6144K, used 4880K [0x00000000d5580000, 0x00000000d5d00000, 0x0000000100000000)
  eden space 4608K, 99% used [0x00000000d5580000,0x00000000d59fc098,0x00000000d5a00000)
  from space 1536K, 18% used [0x00000000d5a00000,0x00000000d5a48000,0x00000000d5b80000)
  to   space 1024K, 0% used [0x00000000d5c00000,0x00000000d5c00000,0x00000000d5d00000)
 ParOldGen       total 1054208K, used 1053914K [0x0000000080000000, 0x00000000c0580000, 0x00000000d5580000)
  object space 1054208K, 99% used [0x0000000080000000,0x00000000c0536a60,0x00000000c0580000)
 Metaspace       used 93599K, committed 95552K, reserved 1179648K
  class space    used 9470K, committed 10368K, reserved 1048576K
}
Event: 6755.500 GC heap after
{Heap after GC invocations=2485 (full 5):
 PSYoungGen      total 6656K, used 548K [0x00000000d5580000, 0x00000000d5d00000, 0x0000000100000000)
  eden space 5632K, 0% used [0x00000000d5580000,0x00000000d5580000,0x00000000d5b00000)
  from space 1024K, 53% used [0x00000000d5c00000,0x00000000d5c89218,0x00000000d5d00000)
  to   space 1024K, 0% used [0x00000000d5b00000,0x00000000d5b00000,0x00000000d5c00000)
 ParOldGen       total 1054208K, used 1054178K [0x0000000080000000, 0x00000000c0580000, 0x00000000d5580000)
  object space 1054208K, 99% used [0x0000000080000000,0x00000000c0578a80,0x00000000c0580000)
 Metaspace       used 93599K, committed 95552K, reserved 1179648K
  class space    used 9470K, committed 10368K, reserved 1048576K
}
Event: 6755.589 GC heap before
{Heap before GC invocations=2486 (full 5):
 PSYoungGen      total 6656K, used 4862K [0x00000000d5580000, 0x00000000d5d00000, 0x0000000100000000)
  eden space 5632K, 76% used [0x00000000d5580000,0x00000000d59b69a8,0x00000000d5b00000)
  from space 1024K, 53% used [0x00000000d5c00000,0x00000000d5c89218,0x00000000d5d00000)
  to   space 1024K, 0% used [0x00000000d5b00000,0x00000000d5b00000,0x00000000d5c00000)
 ParOldGen       total 1054208K, used 1054178K [0x0000000080000000, 0x00000000c0580000, 0x00000000d5580000)
  object space 1054208K, 99% used [0x0000000080000000,0x00000000c0578a80,0x00000000c0580000)
 Metaspace       used 93599K, committed 95552K, reserved 1179648K
  class space    used 9470K, committed 10368K, reserved 1048576K
}
Event: 6755.613 GC heap after
{Heap after GC invocations=2486 (full 5):
 PSYoungGen      total 6656K, used 308K [0x00000000d5580000, 0x00000000d5d80000, 0x0000000100000000)
  eden space 5632K, 0% used [0x00000000d5580000,0x00000000d5580000,0x00000000d5b00000)
  from space 1024K, 30% used [0x00000000d5b00000,0x00000000d5b4d200,0x00000000d5c00000)
  to   space 512K, 0% used [0x00000000d5d00000,0x00000000d5d00000,0x00000000d5d80000)
 ParOldGen       total 1054720K, used 1054699K [0x0000000080000000, 0x00000000c0600000, 0x00000000d5580000)
  object space 1054720K, 99% used [0x0000000080000000,0x00000000c05facc8,0x00000000c0600000)
 Metaspace       used 93599K, committed 95552K, reserved 1179648K
  class space    used 9470K, committed 10368K, reserved 1048576K
}
Event: 6755.657 GC heap before
{Heap before GC invocations=2487 (full 5):
 PSYoungGen      total 6656K, used 5940K [0x00000000d5580000, 0x00000000d5d80000, 0x0000000100000000)
  eden space 5632K, 100% used [0x00000000d5580000,0x00000000d5b00000,0x00000000d5b00000)
  from space 1024K, 30% used [0x00000000d5b00000,0x00000000d5b4d200,0x00000000d5c00000)
  to   space 512K, 0% used [0x00000000d5d00000,0x00000000d5d00000,0x00000000d5d80000)
 ParOldGen       total 1054720K, used 1054699K [0x0000000080000000, 0x00000000c0600000, 0x00000000d5580000)
  object space 1054720K, 99% used [0x0000000080000000,0x00000000c05facc8,0x00000000c0600000)
 Metaspace       used 93599K, committed 95552K, reserved 1179648K
  class space    used 9470K, committed 10368K, reserved 1048576K
}
Event: 6755.670 GC heap after
{Heap after GC invocations=2487 (full 5):
 PSYoungGen      total 7680K, used 192K [0x00000000d5580000, 0x00000000d5d80000, 0x0000000100000000)
  eden space 7168K, 0% used [0x00000000d5580000,0x00000000d5580000,0x00000000d5c80000)
  from space 512K, 37% used [0x00000000d5d00000,0x00000000d5d30000,0x00000000d5d80000)
  to   space 512K, 0% used [0x00000000d5c80000,0x00000000d5c80000,0x00000000d5d00000)
 ParOldGen       total 1055232K, used 1054980K [0x0000000080000000, 0x00000000c0680000, 0x00000000d5580000)
  object space 1055232K, 99% used [0x0000000080000000,0x00000000c0641158,0x00000000c0680000)
 Metaspace       used 93599K, committed 95552K, reserved 1179648K
  class space    used 9470K, committed 10368K, reserved 1048576K
}
Event: 6755.825 GC heap before
{Heap before GC invocations=2488 (full 5):
 PSYoungGen      total 7680K, used 5834K [0x00000000d5580000, 0x00000000d5d80000, 0x0000000100000000)
  eden space 7168K, 78% used [0x00000000d5580000,0x00000000d5b02868,0x00000000d5c80000)
  from space 512K, 37% used [0x00000000d5d00000,0x00000000d5d30000,0x00000000d5d80000)
  to   space 512K, 0% used [0x00000000d5c80000,0x00000000d5c80000,0x00000000d5d00000)
 ParOldGen       total 1055232K, used 1054980K [0x0000000080000000, 0x00000000c0680000, 0x00000000d5580000)
  object space 1055232K, 99% used [0x0000000080000000,0x00000000c0641158,0x00000000c0680000)
 Metaspace       used 93610K, committed 95552K, reserved 1179648K
  class space    used 9471K, committed 10368K, reserved 1048576K
}
Event: 6755.835 GC heap after
{Heap after GC invocations=2488 (full 5):
 PSYoungGen      total 7680K, used 490K [0x00000000d5580000, 0x00000000d5e80000, 0x0000000100000000)
  eden space 7168K, 0% used [0x00000000d5580000,0x00000000d5580000,0x00000000d5c80000)
  from space 512K, 95% used [0x00000000d5c80000,0x00000000d5cfab60,0x00000000d5d00000)
  to   space 1024K, 0% used [0x00000000d5d80000,0x00000000d5d80000,0x00000000d5e80000)
 ParOldGen       total 1055232K, used 1055148K [0x0000000080000000, 0x00000000c0680000, 0x00000000d5580000)
  object space 1055232K, 99% used [0x0000000080000000,0x00000000c066b158,0x00000000c0680000)
 Metaspace       used 93610K, committed 95552K, reserved 1179648K
  class space    used 9471K, committed 10368K, reserved 1048576K
}
Event: 6755.866 GC heap before
{Heap before GC invocations=2489 (full 5):
 PSYoungGen      total 7680K, used 7658K [0x00000000d5580000, 0x00000000d5e80000, 0x0000000100000000)
  eden space 7168K, 100% used [0x00000000d5580000,0x00000000d5c80000,0x00000000d5c80000)
  from space 512K, 95% used [0x00000000d5c80000,0x00000000d5cfab60,0x00000000d5d00000)
  to   space 1024K, 0% used [0x00000000d5d80000,0x00000000d5d80000,0x00000000d5e80000)
 ParOldGen       total 1055232K, used 1055148K [0x0000000080000000, 0x00000000c0680000, 0x00000000d5580000)
  object space 1055232K, 99% used [0x0000000080000000,0x00000000c066b158,0x00000000c0680000)
 Metaspace       used 93613K, committed 95552K, reserved 1179648K
  class space    used 9471K, committed 10368K, reserved 1048576K
}
Event: 6755.875 GC heap after
{Heap after GC invocations=2489 (full 5):
 PSYoungGen      total 7680K, used 320K [0x00000000d5580000, 0x00000000d5e00000, 0x0000000100000000)
  eden space 7168K, 0% used [0x00000000d5580000,0x00000000d5580000,0x00000000d5c80000)
  from space 512K, 62% used [0x00000000d5d80000,0x00000000d5dd0000,0x00000000d5e00000)
  to   space 512K, 0% used [0x00000000d5c80000,0x00000000d5c80000,0x00000000d5d00000)
 ParOldGen       total 1055744K, used 1055600K [0x0000000080000000, 0x00000000c0700000, 0x00000000d5580000)
  object space 1055744K, 99% used [0x0000000080000000,0x00000000c06dc388,0x00000000c0700000)
 Metaspace       used 93613K, committed 95552K, reserved 1179648K
  class space    used 9471K, committed 10368K, reserved 1048576K
}
Event: 6755.975 GC heap before
{Heap before GC invocations=2490 (full 5):
 PSYoungGen      total 7680K, used 7488K [0x00000000d5580000, 0x00000000d5e00000, 0x0000000100000000)
  eden space 7168K, 100% used [0x00000000d5580000,0x00000000d5c80000,0x00000000d5c80000)
  from space 512K, 62% used [0x00000000d5d80000,0x00000000d5dd0000,0x00000000d5e00000)
  to   space 512K, 0% used [0x00000000d5c80000,0x00000000d5c80000,0x00000000d5d00000)
 ParOldGen       total 1055744K, used 1055600K [0x0000000080000000, 0x00000000c0700000, 0x00000000d5580000)
  object space 1055744K, 99% used [0x0000000080000000,0x00000000c06dc388,0x00000000c0700000)
 Metaspace       used 93613K, committed 95552K, reserved 1179648K
  class space    used 9471K, committed 10368K, reserved 1048576K
}
Event: 6755.988 GC heap after
{Heap after GC invocations=2490 (full 5):
 PSYoungGen      total 7680K, used 487K [0x00000000d5580000, 0x00000000d6180000, 0x0000000100000000)
  eden space 7168K, 0% used [0x00000000d5580000,0x00000000d5580000,0x00000000d5c80000)
  from space 512K, 95% used [0x00000000d5c80000,0x00000000d5cf9f88,0x00000000d5d00000)
  to   space 2560K, 0% used [0x00000000d5f00000,0x00000000d5f00000,0x00000000d6180000)
 ParOldGen       total 1057280K, used 1056960K [0x0000000080000000, 0x00000000c0880000, 0x00000000d5580000)
  object space 1057280K, 99% used [0x0000000080000000,0x00000000c08302d0,0x00000000c0880000)
 Metaspace       used 93613K, committed 95552K, reserved 1179648K
  class space    used 9471K, committed 10368K, reserved 1048576K
}
Event: 6756.027 GC heap before
{Heap before GC invocations=2491 (full 5):
 PSYoungGen      total 7680K, used 7554K [0x00000000d5580000, 0x00000000d6180000, 0x0000000100000000)
  eden space 7168K, 98% used [0x00000000d5580000,0x00000000d5c66898,0x00000000d5c80000)
  from space 512K, 95% used [0x00000000d5c80000,0x00000000d5cf9f88,0x00000000d5d00000)
  to   space 2560K, 0% used [0x00000000d5f00000,0x00000000d5f00000,0x00000000d6180000)
 ParOldGen       total 1057280K, used 1056960K [0x0000000080000000, 0x00000000c0880000, 0x00000000d5580000)
  object space 1057280K, 99% used [0x0000000080000000,0x00000000c08302d0,0x00000000c0880000)
 Metaspace       used 93613K, committed 95552K, reserved 1179648K
  class space    used 9471K, committed 10368K, reserved 1048576K
}
Event: 6756.038 GC heap after
{Heap after GC invocations=2491 (full 5):
 PSYoungGen      total 9216K, used 1931K [0x00000000d5580000, 0x00000000d6100000, 0x0000000100000000)
  eden space 7168K, 0% used [0x00000000d5580000,0x00000000d5580000,0x00000000d5c80000)
  from space 2048K, 94% used [0x00000000d5f00000,0x00000000d60e2f20,0x00000000d6100000)
  to   space 2048K, 0% used [0x00000000d5d00000,0x00000000d5d00000,0x00000000d5f00000)
 ParOldGen       total 1057792K, used 1057446K [0x0000000080000000, 0x00000000c0900000, 0x00000000d5580000)
  object space 1057792K, 99% used [0x0000000080000000,0x00000000c08a9878,0x00000000c0900000)
 Metaspace       used 93613K, committed 95552K, reserved 1179648K
  class space    used 9471K, committed 10368K, reserved 1048576K
}
Event: 6756.268 GC heap before
{Heap before GC invocations=2492 (full 5):
 PSYoungGen      total 9216K, used 9092K [0x00000000d5580000, 0x00000000d6100000, 0x0000000100000000)
  eden space 7168K, 99% used [0x00000000d5580000,0x00000000d5c7e258,0x00000000d5c80000)
  from space 2048K, 94% used [0x00000000d5f00000,0x00000000d60e2f20,0x00000000d6100000)
  to   space 2048K, 0% used [0x00000000d5d00000,0x00000000d5d00000,0x00000000d5f00000)
 ParOldGen       total 1057792K, used 1057446K [0x0000000080000000, 0x00000000c0900000, 0x00000000d5580000)
  object space 1057792K, 99% used [0x0000000080000000,0x00000000c08a9878,0x00000000c0900000)
 Metaspace       used 93614K, committed 95552K, reserved 1179648K
  class space    used 9471K, committed 10368K, reserved 1048576K
}
Event: 6756.278 GC heap after
{Heap after GC invocations=2492 (full 5):
 PSYoungGen      total 9216K, used 2017K [0x00000000d5580000, 0x00000000d6080000, 0x0000000100000000)
  eden space 7168K, 0% used [0x00000000d5580000,0x00000000d5580000,0x00000000d5c80000)
  from space 2048K, 98% used [0x00000000d5d00000,0x00000000d5ef8480,0x00000000d5f00000)
  to   space 1536K, 0% used [0x00000000d5f00000,0x00000000d5f00000,0x00000000d6080000)
 ParOldGen       total 1057792K, used 1057525K [0x0000000080000000, 0x00000000c0900000, 0x00000000d5580000)
  object space 1057792K, 99% used [0x0000000080000000,0x00000000c08bd438,0x00000000c0900000)
 Metaspace       used 93614K, committed 95552K, reserved 1179648K
  class space    used 9471K, committed 10368K, reserved 1048576K
}
Event: 6756.489 GC heap before
{Heap before GC invocations=2493 (full 5):
 PSYoungGen      total 9216K, used 8940K [0x00000000d5580000, 0x00000000d6080000, 0x0000000100000000)
  eden space 7168K, 96% used [0x00000000d5580000,0x00000000d5c42ed0,0x00000000d5c80000)
  from space 2048K, 98% used [0x00000000d5d00000,0x00000000d5ef8480,0x00000000d5f00000)
  to   space 1536K, 0% used [0x00000000d5f00000,0x00000000d5f00000,0x00000000d6080000)
 ParOldGen       total 1057792K, used 1057525K [0x0000000080000000, 0x00000000c0900000, 0x00000000d5580000)
  object space 1057792K, 99% used [0x0000000080000000,0x00000000c08bd438,0x00000000c0900000)
 Metaspace       used 93619K, committed 95552K, reserved 1179648K
  class space    used 9471K, committed 10368K, reserved 1048576K
}
Event: 6756.506 GC heap after
{Heap after GC invocations=2493 (full 5):
 PSYoungGen      total 8704K, used 1535K [0x00000000d5580000, 0x00000000d6080000, 0x0000000100000000)
  eden space 7168K, 0% used [0x00000000d5580000,0x00000000d5580000,0x00000000d5c80000)
  from space 1536K, 99% used [0x00000000d5f00000,0x00000000d607ffd0,0x00000000d6080000)
  to   space 2048K, 0% used [0x00000000d5d00000,0x00000000d5d00000,0x00000000d5f00000)
 ParOldGen       total 1060352K, used 1059862K [0x0000000080000000, 0x00000000c0b80000, 0x00000000d5580000)
  object space 1060352K, 99% used [0x0000000080000000,0x00000000c0b059a8,0x00000000c0b80000)
 Metaspace       used 93619K, committed 95552K, reserved 1179648K
  class space    used 9471K, committed 10368K, reserved 1048576K
}
Event: 6756.559 GC heap before
{Heap before GC invocations=2494 (full 5):
 PSYoungGen      total 8704K, used 8703K [0x00000000d5580000, 0x00000000d6080000, 0x0000000100000000)
  eden space 7168K, 100% used [0x00000000d5580000,0x00000000d5c80000,0x00000000d5c80000)
  from space 1536K, 99% used [0x00000000d5f00000,0x00000000d607ffd0,0x00000000d6080000)
  to   space 2048K, 0% used [0x00000000d5d00000,0x00000000d5d00000,0x00000000d5f00000)
 ParOldGen       total 1060352K, used 1059862K [0x0000000080000000, 0x00000000c0b80000, 0x00000000d5580000)
  object space 1060352K, 99% used [0x0000000080000000,0x00000000c0b059a8,0x00000000c0b80000)
 Metaspace       used 93619K, committed 95552K, reserved 1179648K
  class space    used 9471K, committed 10368K, reserved 1048576K
}
Event: 6756.571 GC heap after
{Heap after GC invocations=2494 (full 5):
 PSYoungGen      total 9216K, used 1977K [0x00000000d5580000, 0x00000000d6280000, 0x0000000100000000)
  eden space 7168K, 0% used [0x00000000d5580000,0x00000000d5580000,0x00000000d5c80000)
  from space 2048K, 96% used [0x00000000d5d00000,0x00000000d5eee668,0x00000000d5f00000)
  to   space 3072K, 0% used [0x00000000d5f80000,0x00000000d5f80000,0x00000000d6280000)
 ParOldGen       total 1061888K, used 1061385K [0x0000000080000000, 0x00000000c0d00000, 0x00000000d5580000)
  object space 1061888K, 99% used [0x0000000080000000,0x00000000c0c82790,0x00000000c0d00000)
 Metaspace       used 93619K, committed 95552K, reserved 1179648K
  class space    used 9471K, committed 10368K, reserved 1048576K
}

