# JRE version: OpenJDK Runtime Environment Temurin-21.0.10+7 (21.0.10+7) (build 21.0.10+7-LTS)
# Java VM: OpenJDK 64-Bit Server VM Temurin-21.0.10+7 (21.0.10+7-LTS, mixed mode, sharing, tiered, compressed oops, compressed class ptrs, parallel gc, windows-amd64)
GC Precious Log:
 CardTable entry size: 512
 CPUs: 2 total, 2 available
 Memory: 3911M
 Large Page Support: Disabled
 NUMA Support: Disabled
 Compressed Oops: Enabled (32-bit)
 Alignments: Space 512K, Generation 512K, Heap 2M
 Heap Min Capacity: 100M
 Heap Initial Capacity: 100M
 Heap Max Capacity: 2G
 Pre-touch: Disabled
 Parallel Workers: 2
Heap:
 PSYoungGen      total 10752K, used 3401K [0x00000000d5580000, 0x00000000d6580000, 0x0000000100000000)
  eden space 7680K, 5% used [0x00000000d5580000,0x00000000d55e96f8,0x00000000d5d00000)
  from space 3072K, 96% used [0x00000000d6280000,0x00000000d6568ee0,0x00000000d6580000)
  to   space 3584K, 0% used [0x00000000d5e80000,0x00000000d5e80000,0x00000000d6200000)
 ParOldGen       total 774656K, used 260588K [0x0000000080000000, 0x00000000af480000, 0x00000000d5580000)
  object space 774656K, 33% used [0x0000000080000000,0x000000008fe7b3c0,0x00000000af480000)
 Metaspace       used 88480K, committed 90240K, reserved 1179648K
  class space    used 9320K, committed 10048K, reserved 1048576K
GC Heap History (20 events):
Event: 2264.605 GC heap before
{Heap before GC invocations=1169 (full 4):
 PSYoungGen      total 9728K, used 9713K [0x00000000d5580000, 0x00000000d7000000, 0x0000000100000000)
  eden space 8192K, 100% used [0x00000000d5580000,0x00000000d5d80000,0x00000000d5d80000)
  from space 1536K, 99% used [0x00000000d6600000,0x00000000d677c708,0x00000000d6780000)
  to   space 8704K, 0% used [0x00000000d5d80000,0x00000000d5d80000,0x00000000d6600000)
 ParOldGen       total 774656K, used 246434K [0x0000000080000000, 0x00000000af480000, 0x00000000d5580000)
  object space 774656K, 31% used [0x0000000080000000,0x000000008f0a8ae8,0x00000000af480000)
 Metaspace       used 88406K, committed 90176K, reserved 1179648K
  class space    used 9320K, committed 10048K, reserved 1048576K
}
Event: 2264.610 GC heap after
{Heap after GC invocations=1169 (full 4):
 PSYoungGen      total 9728K, used 1076K [0x00000000d5580000, 0x00000000d6680000, 0x0000000100000000)
  eden space 8192K, 0% used [0x00000000d5580000,0x00000000d5580000,0x00000000d5d80000)
  from space 1536K, 70% used [0x00000000d5d80000,0x00000000d5e8d220,0x00000000d5f00000)
  to   space 3584K, 0% used [0x00000000d6300000,0x00000000d6300000,0x00000000d6680000)
 ParOldGen       total 774656K, used 246482K [0x0000000080000000, 0x00000000af480000, 0x00000000d5580000)
  object space 774656K, 31% used [0x0000000080000000,0x000000008f0b4ae8,0x00000000af480000)
 Metaspace       used 88406K, committed 90176K, reserved 1179648K
  class space    used 9320K, committed 10048K, reserved 1048576K
}
Event: 2264.826 GC heap before
{Heap before GC invocations=1170 (full 4):
 PSYoungGen      total 9728K, used 9268K [0x00000000d5580000, 0x00000000d6680000, 0x0000000100000000)
  eden space 8192K, 100% used [0x00000000d5580000,0x00000000d5d80000,0x00000000d5d80000)
  from space 1536K, 70% used [0x00000000d5d80000,0x00000000d5e8d220,0x00000000d5f00000)
  to   space 3584K, 0% used [0x00000000d6300000,0x00000000d6300000,0x00000000d6680000)
 ParOldGen       total 774656K, used 246482K [0x0000000080000000, 0x00000000af480000, 0x00000000d5580000)
  object space 774656K, 31% used [0x0000000080000000,0x000000008f0b4ae8,0x00000000af480000)
 Metaspace       used 88417K, committed 90176K, reserved 1179648K
  class space    used 9320K, committed 10048K, reserved 1048576K
}
Event: 2264.842 GC heap after
{Heap after GC invocations=1170 (full 4):
 PSYoungGen      total 9728K, used 1268K [0x00000000d5580000, 0x00000000d6480000, 0x0000000100000000)
  eden space 8192K, 0% used [0x00000000d5580000,0x00000000d5580000,0x00000000d5d80000)
  from space 1536K, 82% used [0x00000000d6300000,0x00000000d643d220,0x00000000d6480000)
  to   space 2048K, 0% used [0x00000000d6080000,0x00000000d6080000,0x00000000d6280000)
 ParOldGen       total 774656K, used 247513K [0x0000000080000000, 0x00000000af480000, 0x00000000d5580000)
  object space 774656K, 31% used [0x0000000080000000,0x000000008f1b6790,0x00000000af480000)
 Metaspace       used 88417K, committed 90176K, reserved 1179648K
  class space    used 9320K, committed 10048K, reserved 1048576K
}
Event: 2265.088 GC heap before
{Heap before GC invocations=1171 (full 4):
 PSYoungGen      total 9728K, used 9460K [0x00000000d5580000, 0x00000000d6480000, 0x0000000100000000)
  eden space 8192K, 100% used [0x00000000d5580000,0x00000000d5d80000,0x00000000d5d80000)
  from space 1536K, 82% used [0x00000000d6300000,0x00000000d643d220,0x00000000d6480000)
  to   space 2048K, 0% used [0x00000000d6080000,0x00000000d6080000,0x00000000d6280000)
 ParOldGen       total 774656K, used 247513K [0x0000000080000000, 0x00000000af480000, 0x00000000d5580000)
  object space 774656K, 31% used [0x0000000080000000,0x000000008f1b6790,0x00000000af480000)
 Metaspace       used 88424K, committed 90176K, reserved 1179648K
  class space    used 9320K, committed 10048K, reserved 1048576K
}
Event: 2265.107 GC heap after
{Heap after GC invocations=1171 (full 4):
 PSYoungGen      total 9728K, used 1146K [0x00000000d5580000, 0x00000000d6380000, 0x0000000100000000)
  eden space 8192K, 0% used [0x00000000d5580000,0x00000000d5580000,0x00000000d5d80000)
  from space 1536K, 74% used [0x00000000d6080000,0x00000000d619e920,0x00000000d6200000)
  to   space 1536K, 0% used [0x00000000d6200000,0x00000000d6200000,0x00000000d6380000)
 ParOldGen       total 774656K, used 248679K [0x0000000080000000, 0x00000000af480000, 0x00000000d5580000)
  object space 774656K, 32% used [0x0000000080000000,0x000000008f2d9fa0,0x00000000af480000)
 Metaspace       used 88424K, committed 90176K, reserved 1179648K
  class space    used 9320K, committed 10048K, reserved 1048576K
}
Event: 2265.259 GC heap before
{Heap before GC invocations=1172 (full 4):
 PSYoungGen      total 9728K, used 9338K [0x00000000d5580000, 0x00000000d6380000, 0x0000000100000000)
  eden space 8192K, 100% used [0x00000000d5580000,0x00000000d5d80000,0x00000000d5d80000)
  from space 1536K, 74% used [0x00000000d6080000,0x00000000d619e920,0x00000000d6200000)
  to   space 1536K, 0% used [0x00000000d6200000,0x00000000d6200000,0x00000000d6380000)
 ParOldGen       total 774656K, used 248679K [0x0000000080000000, 0x00000000af480000, 0x00000000d5580000)
  object space 774656K, 32% used [0x0000000080000000,0x000000008f2d9fa0,0x00000000af480000)
 Metaspace       used 88433K, committed 90176K, reserved 1179648K
  class space    used 9320K, committed 10048K, reserved 1048576K
}
Event: 2265.292 GC heap after
{Heap after GC invocations=1172 (full 4):
 PSYoungGen      total 9216K, used 1525K [0x00000000d5580000, 0x00000000d6780000, 0x0000000100000000)
  eden space 7680K, 0% used [0x00000000d5580000,0x00000000d5580000,0x00000000d5d00000)
  from space 1536K, 99% used [0x00000000d6200000,0x00000000d637d7a8,0x00000000d6380000)
  to   space 5120K, 0% used [0x00000000d5d00000,0x00000000d5d00000,0x00000000d6200000)
 ParOldGen       total 774656K, used 251606K [0x0000000080000000, 0x00000000af480000, 0x00000000d5580000)
  object space 774656K, 32% used [0x0000000080000000,0x000000008f5b5b20,0x00000000af480000)
 Metaspace       used 88433K, committed 90176K, reserved 1179648K
  class space    used 9320K, committed 10048K, reserved 1048576K
}
Event: 2265.527 GC heap before
{Heap before GC invocations=1173 (full 4):
 PSYoungGen      total 9216K, used 9205K [0x00000000d5580000, 0x00000000d6780000, 0x0000000100000000)
  eden space 7680K, 100% used [0x00000000d5580000,0x00000000d5d00000,0x00000000d5d00000)
  from space 1536K, 99% used [0x00000000d6200000,0x00000000d637d7a8,0x00000000d6380000)
  to   space 5120K, 0% used [0x00000000d5d00000,0x00000000d5d00000,0x00000000d6200000)
 ParOldGen       total 774656K, used 251606K [0x0000000080000000, 0x00000000af480000, 0x00000000d5580000)
  object space 774656K, 32% used [0x0000000080000000,0x000000008f5b5b20,0x00000000af480000)
 Metaspace       used 88433K, committed 90176K, reserved 1179648K
  class space    used 9320K, committed 10048K, reserved 1048576K
}
Event: 2265.542 GC heap after
{Heap after GC invocations=1173 (full 4):
 PSYoungGen      total 12288K, used 4220K [0x00000000d5580000, 0x00000000d6600000, 0x0000000100000000)
  eden space 7680K, 0% used [0x00000000d5580000,0x00000000d5580000,0x00000000d5d00000)
  from space 4608K, 91% used [0x00000000d5d00000,0x00000000d611f3a8,0x00000000d6180000)
  to   space 4608K, 0% used [0x00000000d6180000,0x00000000d6180000,0x00000000d6600000)
 ParOldGen       total 774656K, used 253137K [0x0000000080000000, 0x00000000af480000, 0x00000000d5580000)
  object space 774656K, 32% used [0x0000000080000000,0x000000008f734710,0x00000000af480000)
 Metaspace       used 88433K, committed 90176K, reserved 1179648K
  class space    used 9320K, committed 10048K, reserved 1048576K
}
Event: 2266.562 GC heap before
{Heap before GC invocations=1174 (full 4):
 PSYoungGen      total 12288K, used 11900K [0x00000000d5580000, 0x00000000d6600000, 0x0000000100000000)
  eden space 7680K, 99% used [0x00000000d5580000,0x00000000d5cfff58,0x00000000d5d00000)
  from space 4608K, 91% used [0x00000000d5d00000,0x00000000d611f3a8,0x00000000d6180000)
  to   space 4608K, 0% used [0x00000000d6180000,0x00000000d6180000,0x00000000d6600000)
 ParOldGen       total 774656K, used 253137K [0x0000000080000000, 0x00000000af480000, 0x00000000d5580000)
  object space 774656K, 32% used [0x0000000080000000,0x000000008f734710,0x00000000af480000)
 Metaspace       used 88451K, committed 90240K, reserved 1179648K
  class space    used 9320K, committed 10048K, reserved 1048576K
}
Event: 2266.579 GC heap after
{Heap after GC invocations=1174 (full 4):
 PSYoungGen      total 8704K, used 964K [0x00000000d5580000, 0x00000000d6280000, 0x0000000100000000)
  eden space 7680K, 0% used [0x00000000d5580000,0x00000000d5580000,0x00000000d5d00000)
  from space 1024K, 94% used [0x00000000d6180000,0x00000000d6271230,0x00000000d6280000)
  to   space 2560K, 0% used [0x00000000d5d80000,0x00000000d5d80000,0x00000000d6000000)
 ParOldGen       total 774656K, used 254326K [0x0000000080000000, 0x00000000af480000, 0x00000000d5580000)
  object space 774656K, 32% used [0x0000000080000000,0x000000008f85da48,0x00000000af480000)
 Metaspace       used 88451K, committed 90240K, reserved 1179648K
  class space    used 9320K, committed 10048K, reserved 1048576K
}
Event: 2267.191 GC heap before
{Heap before GC invocations=1175 (full 4):
 PSYoungGen      total 8704K, used 8644K [0x00000000d5580000, 0x00000000d6280000, 0x0000000100000000)
  eden space 7680K, 100% used [0x00000000d5580000,0x00000000d5d00000,0x00000000d5d00000)
  from space 1024K, 94% used [0x00000000d6180000,0x00000000d6271230,0x00000000d6280000)
  to   space 2560K, 0% used [0x00000000d5d80000,0x00000000d5d80000,0x00000000d6000000)
 ParOldGen       total 774656K, used 254326K [0x0000000080000000, 0x00000000af480000, 0x00000000d5580000)
  object space 774656K, 32% used [0x0000000080000000,0x000000008f85da48,0x00000000af480000)
 Metaspace       used 88471K, committed 90240K, reserved 1179648K
  class space    used 9320K, committed 10048K, reserved 1048576K
}
Event: 2267.207 GC heap after
{Heap after GC invocations=1175 (full 4):
 PSYoungGen      total 10240K, used 1012K [0x00000000d5580000, 0x00000000d6200000, 0x0000000100000000)
  eden space 7680K, 0% used [0x00000000d5580000,0x00000000d5580000,0x00000000d5d00000)
  from space 2560K, 39% used [0x00000000d5d80000,0x00000000d5e7d240,0x00000000d6000000)
  to   space 1536K, 0% used [0x00000000d6080000,0x00000000d6080000,0x00000000d6200000)
 ParOldGen       total 774656K, used 255254K [0x0000000080000000, 0x00000000af480000, 0x00000000d5580000)
  object space 774656K, 32% used [0x0000000080000000,0x000000008f945b18,0x00000000af480000)
 Metaspace       used 88471K, committed 90240K, reserved 1179648K
  class space    used 9320K, committed 10048K, reserved 1048576K
}
Event: 2267.340 GC heap before
{Heap before GC invocations=1176 (full 4):
 PSYoungGen      total 10240K, used 8692K [0x00000000d5580000, 0x00000000d6200000, 0x0000000100000000)
  eden space 7680K, 100% used [0x00000000d5580000,0x00000000d5d00000,0x00000000d5d00000)
  from space 2560K, 39% used [0x00000000d5d80000,0x00000000d5e7d240,0x00000000d6000000)
  to   space 1536K, 0% used [0x00000000d6080000,0x00000000d6080000,0x00000000d6200000)
 ParOldGen       total 774656K, used 255254K [0x0000000080000000, 0x00000000af480000, 0x00000000d5580000)
  object space 774656K, 32% used [0x0000000080000000,0x000000008f945b18,0x00000000af480000)
 Metaspace       used 88477K, committed 90240K, reserved 1179648K
  class space    used 9320K, committed 10048K, reserved 1048576K
}
Event: 2267.356 GC heap after
{Heap after GC invocations=1176 (full 4):
 PSYoungGen      total 9216K, used 1134K [0x00000000d5580000, 0x00000000d6200000, 0x0000000100000000)
  eden space 7680K, 0% used [0x00000000d5580000,0x00000000d5580000,0x00000000d5d00000)
  from space 1536K, 73% used [0x00000000d6080000,0x00000000d619bb00,0x00000000d6200000)
  to   space 1536K, 0% used [0x00000000d5f00000,0x00000000d5f00000,0x00000000d6080000)
 ParOldGen       total 774656K, used 256171K [0x0000000080000000, 0x00000000af480000, 0x00000000d5580000)
  object space 774656K, 33% used [0x0000000080000000,0x000000008fa2ac08,0x00000000af480000)
 Metaspace       used 88477K, committed 90240K, reserved 1179648K
  class space    used 9320K, committed 10048K, reserved 1048576K
}
Event: 2267.701 GC heap before
{Heap before GC invocations=1177 (full 4):
 PSYoungGen      total 9216K, used 8703K [0x00000000d5580000, 0x00000000d6200000, 0x0000000100000000)
  eden space 7680K, 98% used [0x00000000d5580000,0x00000000d5ce42e8,0x00000000d5d00000)
  from space 1536K, 73% used [0x00000000d6080000,0x00000000d619bb00,0x00000000d6200000)
  to   space 1536K, 0% used [0x00000000d5f00000,0x00000000d5f00000,0x00000000d6080000)
 ParOldGen       total 774656K, used 256171K [0x0000000080000000, 0x00000000af480000, 0x00000000d5580000)
  object space 774656K, 33% used [0x0000000080000000,0x000000008fa2ac08,0x00000000af480000)
 Metaspace       used 88477K, committed 90240K, reserved 1179648K
  class space    used 9320K, committed 10048K, reserved 1048576K
}
Event: 2267.730 GC heap after
{Heap after GC invocations=1177 (full 4):
 PSYoungGen      total 9216K, used 1534K [0x00000000d5580000, 0x00000000d6800000, 0x0000000100000000)
  eden space 7680K, 0% used [0x00000000d5580000,0x00000000d5580000,0x00000000d5d00000)
  from space 1536K, 99% used [0x00000000d5f00000,0x00000000d607f8e8,0x00000000d6080000)
  to   space 5632K, 0% used [0x00000000d6280000,0x00000000d6280000,0x00000000d6800000)
 ParOldGen       total 774656K, used 259329K [0x0000000080000000, 0x00000000af480000, 0x00000000d5580000)
  object space 774656K, 33% used [0x0000000080000000,0x000000008fd406b0,0x00000000af480000)
 Metaspace       used 88477K, committed 90240K, reserved 1179648K
  class space    used 9320K, committed 10048K, reserved 1048576K
}
Event: 2268.105 GC heap before
{Heap before GC invocations=1178 (full 4):
 PSYoungGen      total 9216K, used 9214K [0x00000000d5580000, 0x00000000d6800000, 0x0000000100000000)
  eden space 7680K, 100% used [0x00000000d5580000,0x00000000d5d00000,0x00000000d5d00000)
  from space 1536K, 99% used [0x00000000d5f00000,0x00000000d607f8e8,0x00000000d6080000)
  to   space 5632K, 0% used [0x00000000d6280000,0x00000000d6280000,0x00000000d6800000)
 ParOldGen       total 774656K, used 259329K [0x0000000080000000, 0x00000000af480000, 0x00000000d5580000)
  object space 774656K, 33% used [0x0000000080000000,0x000000008fd406b0,0x00000000af480000)
 Metaspace       used 88479K, committed 90240K, reserved 1179648K
  class space    used 9320K, committed 10048K, reserved 1048576K
}
Event: 2268.120 GC heap after
{Heap after GC invocations=1178 (full 4):
 PSYoungGen      total 10752K, used 2979K [0x00000000d5580000, 0x00000000d6580000, 0x0000000100000000)
  eden space 7680K, 0% used [0x00000000d5580000,0x00000000d5580000,0x00000000d5d00000)
  from space 3072K, 96% used [0x00000000d6280000,0x00000000d6568ee0,0x00000000d6580000)
  to   space 3584K, 0% used [0x00000000d5e80000,0x00000000d5e80000,0x00000000d6200000)
 ParOldGen       total 774656K, used 260588K [0x0000000080000000, 0x00000000af480000, 0x00000000d5580000)
  object space 774656K, 33% used [0x0000000080000000,0x000000008fe7b3c0,0x00000000af480000)
 Metaspace       used 88479K, committed 90240K, reserved 1179648K
  class space    used 9320K, committed 10048K, reserved 1048576K
}

