# JRE version: OpenJDK Runtime Environment Temurin-21.0.10+7 (21.0.10+7) (build 21.0.10+7-LTS)
# Java VM: OpenJDK 64-Bit Server VM Temurin-21.0.10+7 (21.0.10+7-LTS, mixed mode, sharing, tiered, compressed oops, compressed class ptrs, parallel gc, windows-amd64)
GC Precious Log:
 CardTable entry size: 512
 CPUs: 2 total, 2 available
 Memory: 3911M
 Large Page Support: Disabled
 NUMA Support: Disabled
 Compressed Oops: Enabled (32-bit)
 Alignments: Space 512K, Generation 512K, Heap 2M
 Heap Min Capacity: 100M
 Heap Initial Capacity: 100M
 Heap Max Capacity: 2G
 Pre-touch: Disabled
 Parallel Workers: 2
Heap:
 PSYoungGen      total 16384K, used 8675K [0x00000000d5580000, 0x00000000d6b80000, 0x0000000100000000)
  eden space 15360K, 50% used [0x00000000d5580000,0x00000000d5d1e8f8,0x00000000d6480000)
  from space 1024K, 85% used [0x00000000d6480000,0x00000000d655a4a0,0x00000000d6580000)
  to   space 3072K, 0% used [0x00000000d6880000,0x00000000d6880000,0x00000000d6b80000)
 ParOldGen       total 68608K, used 43607K [0x0000000080000000, 0x0000000084300000, 0x00000000d5580000)
  object space 68608K, 63% used [0x0000000080000000,0x0000000082a95ee0,0x0000000084300000)
 Metaspace       used 44598K, committed 45568K, reserved 1114112K
  class space    used 4485K, committed 4928K, reserved 1048576K
GC Heap History (20 events):
Event: 42.710 GC heap before
{Heap before GC invocations=22 (full 2):
 PSYoungGen      total 23040K, used 20479K [0x00000000d5580000, 0x00000000d6e80000, 0x0000000100000000)
  eden space 20480K, 99% used [0x00000000d5580000,0x00000000d697fea8,0x00000000d6980000)
  from space 2560K, 0% used [0x00000000d6b00000,0x00000000d6b00000,0x00000000d6d80000)
  to   space 1024K, 0% used [0x00000000d6d80000,0x00000000d6d80000,0x00000000d6e80000)
 ParOldGen       total 68608K, used 31165K [0x0000000080000000, 0x0000000084300000, 0x00000000d5580000)
  object space 68608K, 45% used [0x0000000080000000,0x0000000081e6f4d0,0x0000000084300000)
 Metaspace       used 35839K, committed 36800K, reserved 1114112K
  class space    used 3636K, committed 4096K, reserved 1048576K
}
Event: 42.715 GC heap after
{Heap after GC invocations=22 (full 2):
 PSYoungGen      total 20992K, used 352K [0x00000000d5580000, 0x00000000d6e00000, 0x0000000100000000)
  eden space 20480K, 0% used [0x00000000d5580000,0x00000000d5580000,0x00000000d6980000)
  from space 512K, 68% used [0x00000000d6d80000,0x00000000d6dd8000,0x00000000d6e00000)
  to   space 512K, 0% used [0x00000000d6d00000,0x00000000d6d00000,0x00000000d6d80000)
 ParOldGen       total 68608K, used 31173K [0x0000000080000000, 0x0000000084300000, 0x00000000d5580000)
  object space 68608K, 45% used [0x0000000080000000,0x0000000081e714d0,0x0000000084300000)
 Metaspace       used 35839K, committed 36800K, reserved 1114112K
  class space    used 3636K, committed 4096K, reserved 1048576K
}
Event: 44.551 GC heap before
{Heap before GC invocations=23 (full 2):
 PSYoungGen      total 20992K, used 20832K [0x00000000d5580000, 0x00000000d6e00000, 0x0000000100000000)
  eden space 20480K, 100% used [0x00000000d5580000,0x00000000d6980000,0x00000000d6980000)
  from space 512K, 68% used [0x00000000d6d80000,0x00000000d6dd8000,0x00000000d6e00000)
  to   space 512K, 0% used [0x00000000d6d00000,0x00000000d6d00000,0x00000000d6d80000)
 ParOldGen       total 68608K, used 31173K [0x0000000080000000, 0x0000000084300000, 0x00000000d5580000)
  object space 68608K, 45% used [0x0000000080000000,0x0000000081e714d0,0x0000000084300000)
 Metaspace       used 37526K, committed 38400K, reserved 1114112K
  class space    used 3816K, committed 4224K, reserved 1048576K
}
Event: 44.562 GC heap after
{Heap after GC invocations=23 (full 2):
 PSYoungGen      total 20992K, used 498K [0x00000000d5580000, 0x00000000d6e00000, 0x0000000100000000)
  eden space 20480K, 0% used [0x00000000d5580000,0x00000000d5580000,0x00000000d6980000)
  from space 512K, 97% used [0x00000000d6d00000,0x00000000d6d7cbe8,0x00000000d6d80000)
  to   space 512K, 0% used [0x00000000d6d80000,0x00000000d6d80000,0x00000000d6e00000)
 ParOldGen       total 68608K, used 32197K [0x0000000080000000, 0x0000000084300000, 0x00000000d5580000)
  object space 68608K, 46% used [0x0000000080000000,0x0000000081f71498,0x0000000084300000)
 Metaspace       used 37526K, committed 38400K, reserved 1114112K
  class space    used 3816K, committed 4224K, reserved 1048576K
}
Event: 45.533 GC heap before
{Heap before GC invocations=24 (full 2):
 PSYoungGen      total 20992K, used 20963K [0x00000000d5580000, 0x00000000d6e00000, 0x0000000100000000)
  eden space 20480K, 99% used [0x00000000d5580000,0x00000000d697c028,0x00000000d6980000)
  from space 512K, 97% used [0x00000000d6d00000,0x00000000d6d7cbe8,0x00000000d6d80000)
  to   space 512K, 0% used [0x00000000d6d80000,0x00000000d6d80000,0x00000000d6e00000)
 ParOldGen       total 68608K, used 32197K [0x0000000080000000, 0x0000000084300000, 0x00000000d5580000)
  object space 68608K, 46% used [0x0000000080000000,0x0000000081f71498,0x0000000084300000)
 Metaspace       used 38827K, committed 39680K, reserved 1114112K
  class space    used 3959K, committed 4352K, reserved 1048576K
}
Event: 45.546 GC heap after
{Heap after GC invocations=24 (full 2):
 PSYoungGen      total 20992K, used 480K [0x00000000d5580000, 0x00000000d6e80000, 0x0000000100000000)
  eden space 20480K, 0% used [0x00000000d5580000,0x00000000d5580000,0x00000000d6980000)
  from space 512K, 93% used [0x00000000d6d80000,0x00000000d6df8010,0x00000000d6e00000)
  to   space 2560K, 0% used [0x00000000d6980000,0x00000000d6980000,0x00000000d6c00000)
 ParOldGen       total 68608K, used 34050K [0x0000000080000000, 0x0000000084300000, 0x00000000d5580000)
  object space 68608K, 49% used [0x0000000080000000,0x0000000082140810,0x0000000084300000)
 Metaspace       used 38827K, committed 39680K, reserved 1114112K
  class space    used 3959K, committed 4352K, reserved 1048576K
}
Event: 46.725 GC heap before
{Heap before GC invocations=25 (full 2):
 PSYoungGen      total 20992K, used 20960K [0x00000000d5580000, 0x00000000d6e80000, 0x0000000100000000)
  eden space 20480K, 100% used [0x00000000d5580000,0x00000000d6980000,0x00000000d6980000)
  from space 512K, 93% used [0x00000000d6d80000,0x00000000d6df8010,0x00000000d6e00000)
  to   space 2560K, 0% used [0x00000000d6980000,0x00000000d6980000,0x00000000d6c00000)
 ParOldGen       total 68608K, used 34050K [0x0000000080000000, 0x0000000084300000, 0x00000000d5580000)
  object space 68608K, 49% used [0x0000000080000000,0x0000000082140810,0x0000000084300000)
 Metaspace       used 39422K, committed 40320K, reserved 1114112K
  class space    used 4036K, committed 4416K, reserved 1048576K
}
Event: 46.732 GC heap after
{Heap after GC invocations=25 (full 2):
 PSYoungGen      total 23040K, used 1961K [0x00000000d5580000, 0x00000000d6e80000, 0x0000000100000000)
  eden space 20480K, 0% used [0x00000000d5580000,0x00000000d5580000,0x00000000d6980000)
  from space 2560K, 76% used [0x00000000d6980000,0x00000000d6b6a730,0x00000000d6c00000)
  to   space 2560K, 0% used [0x00000000d6c00000,0x00000000d6c00000,0x00000000d6e80000)
 ParOldGen       total 68608K, used 34445K [0x0000000080000000, 0x0000000084300000, 0x00000000d5580000)
  object space 68608K, 50% used [0x0000000080000000,0x00000000821a37a8,0x0000000084300000)
 Metaspace       used 39422K, committed 40320K, reserved 1114112K
  class space    used 4036K, committed 4416K, reserved 1048576K
}
Event: 47.992 GC heap before
{Heap before GC invocations=26 (full 2):
 PSYoungGen      total 23040K, used 22441K [0x00000000d5580000, 0x00000000d6e80000, 0x0000000100000000)
  eden space 20480K, 100% used [0x00000000d5580000,0x00000000d6980000,0x00000000d6980000)
  from space 2560K, 76% used [0x00000000d6980000,0x00000000d6b6a730,0x00000000d6c00000)
  to   space 2560K, 0% used [0x00000000d6c00000,0x00000000d6c00000,0x00000000d6e80000)
 ParOldGen       total 68608K, used 34445K [0x0000000080000000, 0x0000000084300000, 0x00000000d5580000)
  object space 68608K, 50% used [0x0000000080000000,0x00000000821a37a8,0x0000000084300000)
 Metaspace       used 40884K, committed 41856K, reserved 1114112K
  class space    used 4172K, committed 4608K, reserved 1048576K
}
Event: 48.001 GC heap after
{Heap after GC invocations=26 (full 2):
 PSYoungGen      total 21504K, used 865K [0x00000000d5580000, 0x00000000d6d00000, 0x0000000100000000)
  eden space 20480K, 0% used [0x00000000d5580000,0x00000000d5580000,0x00000000d6980000)
  from space 1024K, 84% used [0x00000000d6c00000,0x00000000d6cd87b0,0x00000000d6d00000)
  to   space 1536K, 0% used [0x00000000d6a00000,0x00000000d6a00000,0x00000000d6b80000)
 ParOldGen       total 68608K, used 35381K [0x0000000080000000, 0x0000000084300000, 0x00000000d5580000)
  object space 68608K, 51% used [0x0000000080000000,0x000000008228d7a8,0x0000000084300000)
 Metaspace       used 40884K, committed 41856K, reserved 1114112K
  class space    used 4172K, committed 4608K, reserved 1048576K
}
Event: 49.226 GC heap before
{Heap before GC invocations=27 (full 2):
 PSYoungGen      total 21504K, used 21345K [0x00000000d5580000, 0x00000000d6d00000, 0x0000000100000000)
  eden space 20480K, 99% used [0x00000000d5580000,0x00000000d697ffd0,0x00000000d6980000)
  from space 1024K, 84% used [0x00000000d6c00000,0x00000000d6cd87b0,0x00000000d6d00000)
  to   space 1536K, 0% used [0x00000000d6a00000,0x00000000d6a00000,0x00000000d6b80000)
 ParOldGen       total 68608K, used 35381K [0x0000000080000000, 0x0000000084300000, 0x00000000d5580000)
  object space 68608K, 51% used [0x0000000080000000,0x000000008228d7a8,0x0000000084300000)
 Metaspace       used 41308K, committed 42240K, reserved 1114112K
  class space    used 4221K, committed 4608K, reserved 1048576K
}
Event: 49.242 GC heap after
{Heap after GC invocations=27 (full 2):
 PSYoungGen      total 22016K, used 1280K [0x00000000d5580000, 0x00000000d6c80000, 0x0000000100000000)
  eden space 20480K, 0% used [0x00000000d5580000,0x00000000d5580000,0x00000000d6980000)
  from space 1536K, 83% used [0x00000000d6a00000,0x00000000d6b40000,0x00000000d6b80000)
  to   space 1024K, 0% used [0x00000000d6b80000,0x00000000d6b80000,0x00000000d6c80000)
 ParOldGen       total 68608K, used 36061K [0x0000000080000000, 0x0000000084300000, 0x00000000d5580000)
  object space 68608K, 52% used [0x0000000080000000,0x0000000082337668,0x0000000084300000)
 Metaspace       used 41308K, committed 42240K, reserved 1114112K
  class space    used 4221K, committed 4608K, reserved 1048576K
}
Event: 51.357 GC heap before
{Heap before GC invocations=28 (full 2):
 PSYoungGen      total 22016K, used 21760K [0x00000000d5580000, 0x00000000d6c80000, 0x0000000100000000)
  eden space 20480K, 100% used [0x00000000d5580000,0x00000000d6980000,0x00000000d6980000)
  from space 1536K, 83% used [0x00000000d6a00000,0x00000000d6b40000,0x00000000d6b80000)
  to   space 1024K, 0% used [0x00000000d6b80000,0x00000000d6b80000,0x00000000d6c80000)
 ParOldGen       total 68608K, used 36061K [0x0000000080000000, 0x0000000084300000, 0x00000000d5580000)
  object space 68608K, 52% used [0x0000000080000000,0x0000000082337668,0x0000000084300000)
 Metaspace       used 41672K, committed 42624K, reserved 1114112K
  class space    used 4251K, committed 4672K, reserved 1048576K
}
Event: 51.364 GC heap after
{Heap after GC invocations=28 (full 2):
 PSYoungGen      total 20992K, used 1024K [0x00000000d5580000, 0x00000000d6e80000, 0x0000000100000000)
  eden space 19968K, 0% used [0x00000000d5580000,0x00000000d5580000,0x00000000d6900000)
  from space 1024K, 100% used [0x00000000d6b80000,0x00000000d6c80000,0x00000000d6c80000)
  to   space 2560K, 0% used [0x00000000d6900000,0x00000000d6900000,0x00000000d6b80000)
 ParOldGen       total 68608K, used 37177K [0x0000000080000000, 0x0000000084300000, 0x00000000d5580000)
  object space 68608K, 54% used [0x0000000080000000,0x000000008244e6b8,0x0000000084300000)
 Metaspace       used 41672K, committed 42624K, reserved 1114112K
  class space    used 4251K, committed 4672K, reserved 1048576K
}
Event: 53.663 GC heap before
{Heap before GC invocations=29 (full 2):
 PSYoungGen      total 20992K, used 20992K [0x00000000d5580000, 0x00000000d6e80000, 0x0000000100000000)
  eden space 19968K, 100% used [0x00000000d5580000,0x00000000d6900000,0x00000000d6900000)
  from space 1024K, 100% used [0x00000000d6b80000,0x00000000d6c80000,0x00000000d6c80000)
  to   space 2560K, 0% used [0x00000000d6900000,0x00000000d6900000,0x00000000d6b80000)
 ParOldGen       total 68608K, used 37177K [0x0000000080000000, 0x0000000084300000, 0x00000000d5580000)
  object space 68608K, 54% used [0x0000000080000000,0x000000008244e6b8,0x0000000084300000)
 Metaspace       used 42706K, committed 43712K, reserved 1114112K
  class space    used 4309K, committed 4736K, reserved 1048576K
}
Event: 53.671 GC heap after
{Heap after GC invocations=29 (full 2):
 PSYoungGen      total 21504K, used 1366K [0x00000000d5580000, 0x00000000d6d00000, 0x0000000100000000)
  eden space 19968K, 0% used [0x00000000d5580000,0x00000000d5580000,0x00000000d6900000)
  from space 1536K, 88% used [0x00000000d6900000,0x00000000d6a55bf8,0x00000000d6a80000)
  to   space 2048K, 0% used [0x00000000d6b00000,0x00000000d6b00000,0x00000000d6d00000)
 ParOldGen       total 68608K, used 37894K [0x0000000080000000, 0x0000000084300000, 0x00000000d5580000)
  object space 68608K, 55% used [0x0000000080000000,0x00000000825019b8,0x0000000084300000)
 Metaspace       used 42706K, committed 43712K, reserved 1114112K
  class space    used 4309K, committed 4736K, reserved 1048576K
}
Event: 55.322 GC heap before
{Heap before GC invocations=30 (full 2):
 PSYoungGen      total 21504K, used 21334K [0x00000000d5580000, 0x00000000d6d00000, 0x0000000100000000)
  eden space 19968K, 100% used [0x00000000d5580000,0x00000000d6900000,0x00000000d6900000)
  from space 1536K, 88% used [0x00000000d6900000,0x00000000d6a55bf8,0x00000000d6a80000)
  to   space 2048K, 0% used [0x00000000d6b00000,0x00000000d6b00000,0x00000000d6d00000)
 ParOldGen       total 68608K, used 37894K [0x0000000080000000, 0x0000000084300000, 0x00000000d5580000)
  object space 68608K, 55% used [0x0000000080000000,0x00000000825019b8,0x0000000084300000)
 Metaspace       used 43281K, committed 44288K, reserved 1114112K
  class space    used 4377K, committed 4864K, reserved 1048576K
}
Event: 55.340 GC heap after
{Heap after GC invocations=30 (full 2):
 PSYoungGen      total 17408K, used 2048K [0x00000000d5580000, 0x00000000d7600000, 0x0000000100000000)
  eden space 15360K, 0% used [0x00000000d5580000,0x00000000d5580000,0x00000000d6480000)
  from space 2048K, 100% used [0x00000000d6b00000,0x00000000d6d00000,0x00000000d6d00000)
  to   space 6656K, 0% used [0x00000000d6480000,0x00000000d6480000,0x00000000d6b00000)
 ParOldGen       total 68608K, used 41548K [0x0000000080000000, 0x0000000084300000, 0x00000000d5580000)
  object space 68608K, 60% used [0x0000000080000000,0x00000000828931b8,0x0000000084300000)
 Metaspace       used 43281K, committed 44288K, reserved 1114112K
  class space    used 4377K, committed 4864K, reserved 1048576K
}
Event: 73.085 GC heap before
{Heap before GC invocations=31 (full 2):
 PSYoungGen      total 17408K, used 17408K [0x00000000d5580000, 0x00000000d7600000, 0x0000000100000000)
  eden space 15360K, 100% used [0x00000000d5580000,0x00000000d6480000,0x00000000d6480000)
  from space 2048K, 100% used [0x00000000d6b00000,0x00000000d6d00000,0x00000000d6d00000)
  to   space 6656K, 0% used [0x00000000d6480000,0x00000000d6480000,0x00000000d6b00000)
 ParOldGen       total 68608K, used 41548K [0x0000000080000000, 0x0000000084300000, 0x00000000d5580000)
  object space 68608K, 60% used [0x0000000080000000,0x00000000828931b8,0x0000000084300000)
 Metaspace       used 44336K, committed 45312K, reserved 1114112K
  class space    used 4479K, committed 4928K, reserved 1048576K
}
Event: 73.101 GC heap after
{Heap after GC invocations=31 (full 2):
 PSYoungGen      total 16384K, used 873K [0x00000000d5580000, 0x00000000d6b80000, 0x0000000100000000)
  eden space 15360K, 0% used [0x00000000d5580000,0x00000000d5580000,0x00000000d6480000)
  from space 1024K, 85% used [0x00000000d6480000,0x00000000d655a4a0,0x00000000d6580000)
  to   space 3072K, 0% used [0x00000000d6880000,0x00000000d6880000,0x00000000d6b80000)
 ParOldGen       total 68608K, used 43607K [0x0000000080000000, 0x0000000084300000, 0x00000000d5580000)
  object space 68608K, 63% used [0x0000000080000000,0x0000000082a95ee0,0x0000000084300000)
 Metaspace       used 44336K, committed 45312K, reserved 1114112K
  class space    used 4479K, committed 4928K, reserved 1048576K
}

